                                     G D M A
                                 by Anthony Stone

               Distributed Multipoles from Gaussian wavefunctions

                             version 2.3.3 (6b8e81e)
              Compiled with gfortran on 31 October 2025 at 08:42:00

Starting at 13:57:47 on 10 Nov 2025 


Using SCF density matrix from file f1.fchk


                         Distributed Multipole Analysis

Standard DMA for products of primitives with exponent greater than 4.00000
Using 80-point Euler-MacLaurin radial quadrature
Using 590-point Lebedev quadrature
Becke smoothing parameter = 3

Positions and radii in angstrom
Multipole moments in atomic units, ea_0^k for rank k

C          x =  0.004675  y = -0.009757  z =  0.039896 angstrom
           Maximum rank =  2   Radius =  0.650 angstrom
                   Q00  =   0.303184
|Q1| =   0.738273  Q10  =  -0.006347  Q11c =   0.555044  Q11s =  -0.486757
|Q2| =   0.576739  Q20  =   0.073987  Q21c =   0.005112  Q21s =   0.011753
                   Q22c =   0.075749  Q22s =  -0.566790

C          x = -0.044423  y = -1.537621  z =  0.052119 angstrom
           Maximum rank =  2   Radius =  0.650 angstrom
                   Q00  =   0.719966
|Q1| =   0.683741  Q10  =  -0.010685  Q11c =   0.663334  Q11s =  -0.165455
|Q2| =   0.870942  Q20  =  -0.415078  Q21c =  -0.009924  Q21s =  -0.019729
                   Q22c =  -0.419592  Q22s =   0.640081

C          x =  1.255147  y = -2.082553  z =  0.032779 angstrom
           Maximum rank =  2   Radius =  0.650 angstrom
                   Q00  =   0.732624
|Q1| =   0.651389  Q10  =   0.007321  Q11c =  -0.551649  Q11s =   0.346321
|Q2| =   0.853842  Q20  =  -0.419699  Q21c =  -0.005793  Q21s =  -0.017727
                   Q22c =  -0.589053  Q22s =   0.453396

C          x =  2.223085  y = -0.978003  z =  0.007465 angstrom
           Maximum rank =  2   Radius =  0.650 angstrom
                   Q00  =   0.732429
|Q1| =   0.651542  Q10  =   0.003725  Q11c =  -0.415905  Q11s =   0.501513
|Q2| =   0.853812  Q20  =  -0.419355  Q21c =  -0.025410  Q21s =  -0.012587
                   Q22c =   0.450516  Q22s =   0.591073

C          x =  1.512514  y =  0.238959  z =  0.011312 angstrom
           Maximum rank =  2   Radius =  0.650 angstrom
                   Q00  =   0.720266
|Q1| =   0.683479  Q10  =   0.000142  Q11c =   0.250979  Q11s =  -0.635731
|Q2| =   0.870698  Q20  =  -0.414783  Q21c =  -0.022464  Q21s =  -0.016563
                   Q22c =   0.238315  Q22s =   0.726978

C          x =  2.196606  y =  1.449284  z = -0.009929 angstrom
           Maximum rank =  2   Radius =  0.650 angstrom
                   Q00  =   0.329810
|Q1| =   0.603739  Q10  =  -0.000514  Q11c =   0.252521  Q11s =  -0.548392
|Q2| =   0.874359  Q20  =  -0.735230  Q21c =  -0.014898  Q21s =  -0.004908
                   Q22c =  -0.286863  Q22s =  -0.376037

C          x =  3.596408  y =  1.442284  z = -0.034947 angstrom
           Maximum rank =  2   Radius =  0.650 angstrom
                   Q00  =   0.333822
|Q1| =   0.582431  Q10  =   0.008938  Q11c =  -0.293082  Q11s =  -0.503238
|Q2| =   0.898932  Q20  =  -0.660389  Q21c =  -0.019011  Q21s =  -0.020191
                   Q22c =  -0.301324  Q22s =   0.529529

C          x =  4.300575  y =  0.233743  z = -0.038624 angstrom
           Maximum rank =  2   Radius =  0.650 angstrom
                   Q00  =   0.332854
|Q1| =   0.579716  Q10  =   0.010441  Q11c =  -0.579598  Q11s =  -0.005276
|Q2| =   0.898907  Q20  =  -0.660532  Q21c =  -0.031473  Q21s =  -0.004156
                   Q22c =   0.608732  Q22s =   0.013009

C          x =  3.619162  y = -0.985297  z = -0.017553 angstrom
           Maximum rank =  2   Radius =  0.650 angstrom
                   Q00  =   0.341516
|Q1| =   0.587572  Q10  =   0.003068  Q11c =  -0.362338  Q11s =   0.462540
|Q2| =   0.849492  Q20  =  -0.708623  Q21c =  -0.015064  Q21s =  -0.003063
                   Q22c =  -0.219103  Q22s =  -0.413821

H          x =  4.171435  y = -1.921761  z = -0.020677 angstrom
           Maximum rank =  2   Radius =  0.350 angstrom
                   Q00  =   0.070659
|Q1| =   0.133655  Q10  =   0.000812  Q11c =  -0.086668  Q11s =   0.101743
|Q2| =   0.139395  Q20  =  -0.115004  Q21c =  -0.002331  Q21s =  -0.000562
                   Q22c =  -0.042464  Q22s =  -0.066303

H          x =  5.387194  y =  0.243293  z = -0.058130 angstrom
           Maximum rank =  2   Radius =  0.350 angstrom
                   Q00  =   0.059119
|Q1| =   0.128933  Q10  =   0.002330  Q11c =  -0.128873  Q11s =  -0.003164
|Q2| =   0.157693  Q20  =  -0.114038  Q21c =  -0.005491  Q21s =  -0.000682
                   Q22c =   0.108760  Q22s =   0.001743

H          x =  4.139964  y =  2.383239  z = -0.051688 angstrom
           Maximum rank =  2   Radius =  0.350 angstrom
                   Q00  =   0.058811
|Q1| =   0.129141  Q10  =   0.002007  Q11c =  -0.066386  Q11s =  -0.110753
|Q2| =   0.157731  Q20  =  -0.114214  Q21c =  -0.003268  Q21s =  -0.003562
                   Q22c =  -0.054467  Q22s =   0.094044

H          x =  1.658417  y =  2.394560  z = -0.007441 angstrom
           Maximum rank =  2   Radius =  0.350 angstrom
                   Q00  =   0.068642
|Q1| =   0.136993  Q10  =   0.000051  Q11c =   0.050014  Q11s =  -0.127537
|Q2| =   0.134984  Q20  =  -0.109768  Q21c =  -0.002146  Q21s =  -0.000554
                   Q22c =  -0.041792  Q22s =  -0.066486

C          x =  1.446136  y = -3.465719  z =  0.039353 angstrom
           Maximum rank =  2   Radius =  0.650 angstrom
                   Q00  =   0.341467
|Q1| =   0.587333  Q10  =   0.006935  Q11c =  -0.505783  Q11s =   0.298489
|Q2| =   0.849837  Q20  =  -0.708741  Q21c =  -0.025186  Q21s =  -0.000405
                   Q22c =   0.319736  Q22s =  -0.342117

C          x =  0.327427  y = -4.301536  z =  0.065408 angstrom
           Maximum rank =  2   Radius =  0.650 angstrom
                   Q00  =   0.332791
|Q1| =   0.579634  Q10  =  -0.002886  Q11c =  -0.070951  Q11s =   0.575267
|Q2| =   0.898964  Q20  =  -0.660901  Q21c =  -0.008875  Q21s =  -0.009893
                   Q22c =  -0.591470  Q22s =  -0.146057

C          x = -0.962970  y = -3.762060  z =  0.084706 angstrom
           Maximum rank =  2   Radius =  0.650 angstrom
                   Q00  =   0.333937
|Q1| =   0.582574  Q10  =  -0.010841  Q11c =   0.460379  Q11s =   0.356828
|Q2| =   0.898840  Q20  =  -0.660193  Q21c =  -0.027522  Q21s =  -0.017706
                   Q22c =   0.152547  Q22s =   0.589675

C          x = -1.154071  y = -2.375132  z =  0.078123 angstrom
           Maximum rank =  2   Radius =  0.650 angstrom
                   Q00  =   0.329792
|Q1| =   0.603654  Q10  =  -0.009048  Q11c =   0.576639  Q11s =  -0.178337
|Q2| =   0.874478  Q20  =  -0.735123  Q21c =  -0.027513  Q21s =  -0.001334
                   Q22c =   0.374859  Q22s =  -0.288146

H          x = -2.161849  y = -1.966173  z =  0.093214 angstrom
           Maximum rank =  2   Radius =  0.350 angstrom
                   Q00  =   0.068618
|Q1| =   0.136991  Q10  =  -0.002151  Q11c =   0.132982  Q11s =  -0.032829
|Q2| =   0.134989  Q20  =  -0.109729  Q21c =  -0.004058  Q21s =  -0.000005
                   Q22c =   0.057686  Q22s =  -0.053267

H          x = -1.824180  y = -4.424676  z =  0.104905 angstrom
           Maximum rank =  2   Radius =  0.350 angstrom
                   Q00  =   0.058808
|Q1| =   0.129151  Q10  =  -0.002394  Q11c =   0.101059  Q11s =   0.080382
|Q2| =   0.157724  Q20  =  -0.114195  Q21c =  -0.004805  Q21s =  -0.003104
                   Q22c =   0.028012  Q22s =   0.104971

H          x =  0.460619  y = -5.380166  z =  0.070783 angstrom
           Maximum rank =  2   Radius =  0.350 angstrom
                   Q00  =   0.059120
|Q1| =   0.128927  Q10  =  -0.000675  Q11c =  -0.013794  Q11s =   0.128185
|Q2| =   0.157697  Q20  =  -0.114094  Q21c =  -0.001461  Q21s =  -0.001704
                   Q22c =  -0.105527  Q22s =  -0.026640

H          x =  2.447112  y = -3.889652  z =  0.024463 angstrom
           Maximum rank =  2   Radius =  0.350 angstrom
                   Q00  =   0.070670
|Q1| =   0.133654  Q10  =   0.001487  Q11c =  -0.112222  Q11s =   0.072576
|Q2| =   0.139393  Q20  =  -0.114977  Q21c =  -0.004235  Q21s =  -0.000070
                   Q22c =   0.058289  Q22s =  -0.052868

C          x = -0.641007  y =  0.584656  z =  1.312001 angstrom
           Maximum rank =  2   Radius =  0.650 angstrom
                   Q00  =   0.050913
|Q1| =   0.162393  Q10  =  -0.056855  Q11c =   0.113725  Q11s =  -0.101024
|Q2| =   0.300357  Q20  =  -0.059034  Q21c =  -0.132495  Q21s =   0.119486
                   Q22c =   0.027724  Q22s =  -0.232656

H          x = -0.167328  y =  0.189582  z =  2.216301 angstrom
           Maximum rank =  2   Radius =  0.350 angstrom
                   Q00  =   0.092359
|Q1| =   0.152380  Q10  =  -0.142120  Q11c =   0.039731  Q11s =  -0.037985
|Q2| =   0.151460  Q20  =   0.023145  Q21c =   0.076641  Q21s =  -0.063803
                   Q22c =   0.016289  Q22s =  -0.110428

H          x = -0.541982  y =  1.676341  z =  1.322677 angstrom
           Maximum rank =  2   Radius =  0.350 angstrom
                   Q00  =   0.037430
|Q1| =   0.140508  Q10  =  -0.041084  Q11c =   0.031139  Q11s =  -0.130709
|Q2| =   0.141819  Q20  =  -0.075491  Q21c =  -0.024206  Q21s =   0.013609
                   Q22c =  -0.114035  Q22s =   0.025268

H          x = -1.709673  y =  0.343820  z =  1.352070 angstrom
           Maximum rank =  2   Radius =  0.350 angstrom
                   Q00  =   0.037422
|Q1| =   0.140539  Q10  =  -0.043673  Q11c =   0.132758  Q11s =  -0.014808
|Q2| =   0.141772  Q20  =  -0.075629  Q21c =  -0.023111  Q21s =   0.020326
                   Q22c =   0.102528  Q22s =   0.054038

C          x = -0.685656  y =  0.565371  z = -1.217553 angstrom
           Maximum rank =  2   Radius =  0.650 angstrom
                   Q00  =   0.050941
|Q1| =   0.162622  Q10  =   0.054247  Q11c =   0.115942  Q11s =  -0.100303
|Q2| =   0.300634  Q20  =  -0.064303  Q21c =   0.131344  Q21s =  -0.112391
                   Q22c =   0.034189  Q22s =  -0.234935

H          x = -1.755220  y =  0.324895  z = -1.216038 angstrom
           Maximum rank =  2   Radius =  0.350 angstrom
                   Q00  =   0.037446
|Q1| =   0.140524  Q10  =   0.039131  Q11c =   0.134213  Q11s =  -0.014239
|Q2| =   0.141751  Q20  =  -0.076178  Q21c =   0.013971  Q21s =  -0.022619
                   Q22c =   0.103597  Q22s =   0.053395

H          x = -0.586603  y =  1.656675  z = -1.248819 angstrom
           Maximum rank =  2   Radius =  0.350 angstrom
                   Q00  =   0.037444
|Q1| =   0.140516  Q10  =   0.041968  Q11c =   0.032574  Q11s =  -0.130086
|Q2| =   0.141821  Q20  =  -0.076567  Q21c =   0.023165  Q21s =  -0.018377
                   Q22c =  -0.112865  Q22s =   0.025256

H          x = -0.244505  y =  0.155754  z = -2.131788 angstrom
           Maximum rank =  2   Radius =  0.350 angstrom
                   Q00  =   0.092456
|Q1| =   0.152439  Q10  =   0.141212  Q11c =   0.044858  Q11s =  -0.035841
|Q2| =   0.151478  Q20  =   0.025895  Q21c =  -0.073885  Q21s =   0.068662
                   Q22c =   0.012512  Q22s =  -0.109293

Ac         x =  0.144541  y = -2.920769  z =  0.058748 angstrom
           Maximum rank =  2   Radius =  0.650 angstrom
                   Q00  =  -0.966991
|Q1| =   0.037463  Q10  =  -0.000512  Q11c =   0.014701  Q11s =   0.034455
|Q2| =   0.467923  Q20  =   0.465974  Q21c =   0.014760  Q21s =   0.005114
                   Q22c =  -0.027135  Q22s =   0.028990

A1         x =  0.162478  y = -2.913548  z =  1.058561 angstrom
           Maximum rank =  2   Radius =  0.650 angstrom
                   Q00  =  -0.614643
|Q1| =   0.104311  Q10  =   0.010567  Q11c =   0.044488  Q11s =   0.093755
|Q2| =   0.661148  Q20  =   0.640568  Q21c =   0.059528  Q21s =   0.056641
                   Q22c =  -0.088236  Q22s =   0.110685

A-1        x =  0.126604  y = -2.927990  z = -0.941065 angstrom
           Maximum rank =  2   Radius =  0.650 angstrom
                   Q00  =  -0.614653
|Q1| =   0.104304  Q10  =  -0.013489  Q11c =   0.044077  Q11s =   0.093567
|Q2| =   0.661111  Q20  =   0.644219  Q21c =  -0.018053  Q21s =  -0.045686
                   Q22c =  -0.088863  Q22s =   0.108355

Bc         x =  0.990199  y = -0.873795  z =  0.028714 angstrom
           Maximum rank =  2   Radius =  0.650 angstrom
                   Q00  =  -1.110459
|Q1| =   0.024202  Q10  =  -0.000215  Q11c =   0.018212  Q11s =  -0.015938
|Q2| =   0.393379  Q20  =   0.387007  Q21c =   0.011631  Q21s =   0.003603
                   Q22c =  -0.009062  Q22s =   0.068863

B1         x =  1.008041  y = -0.866480  z =  1.028528 angstrom
           Maximum rank =  2   Radius =  0.650 angstrom
                   Q00  =  -0.666037
|Q1| =   0.139057  Q10  =  -0.063583  Q11c =   0.092301  Q11s =  -0.082307
|Q2| =   0.514695  Q20  =   0.365683  Q21c =   0.222292  Q21s =  -0.185243
                   Q22c =  -0.023697  Q22s =   0.216555

B-1        x =  0.972357  y = -0.881109  z = -0.971100 angstrom
           Maximum rank =  2   Radius =  0.650 angstrom
                   Q00  =  -0.666186
|Q1| =   0.139238  Q10  =   0.061641  Q11c =   0.094661  Q11s =  -0.081406
|Q2| =   0.514516  Q20  =   0.373830  Q21c =  -0.201759  Q21s =   0.186323
                   Q22c =  -0.034083  Q22s =   0.219984

Cc         x =  2.908057  y =  0.233495  z = -0.013713 angstrom
           Maximum rank =  2   Radius =  0.650 angstrom
                   Q00  =  -0.967007
|Q1| =   0.037469  Q10  =   0.000722  Q11c =  -0.032223  Q11s =  -0.019106
|Q2| =   0.467906  Q20  =   0.465971  Q21c =   0.013875  Q21s =   0.005447
                   Q22c =   0.018961  Q22s =   0.035015

C1         x =  2.925981  y =  0.240841  z =  0.986100 angstrom
           Maximum rank =  2   Radius =  0.650 angstrom
                   Q00  =  -0.614645
|Q1| =   0.104315  Q10  =   0.014019  Q11c =  -0.086818  Q11s =  -0.056105
|Q2| =   0.661160  Q20  =   0.644456  Q21c =  -0.027691  Q21s =  -0.038868
                   Q22c =   0.056841  Q22s =   0.127674

C-1        x =  2.890133  y =  0.226149  z = -1.013525 angstrom
           Maximum rank =  2   Radius =  0.650 angstrom
                   Q00  =  -0.614652
|Q1| =   0.104328  Q10  =  -0.010076  Q11c =  -0.087258  Q11s =  -0.056293
|Q2| =   0.661142  Q20  =   0.640442  Q21c =   0.063656  Q21s =   0.051462
                   Q22c =   0.057831  Q22s =   0.129992

Total multipoles referred to origin at
           x =   0.000000,  y =    0.000000,  z =    0.000000 angstrom
                   Q00  =   0.000041
|Q1| =   0.168189  Q10  =   0.001254  Q11c =  -0.126489  Q11s =   0.110845
|Q2| =   8.518187  Q20  =  -8.511142  Q21c =  -0.282192  Q21s =  -0.096028
                   Q22c =  -0.021632  Q22s =   0.175086

CPU time used:      4m27.719s          Total:      4m27.719s

Finished at 14:02:22 on 10 Nov 2025 
