                                     G D M A
                                 by Anthony Stone

               Distributed Multipoles from Gaussian wavefunctions

                             version 2.3.3 (6b8e81e)
              Compiled with gfortran on 31 October 2025 at 08:42:00

Starting at 14:58:48 on 10 Nov 2025 


Using SCF density matrix from file f2.fchk


                         Distributed Multipole Analysis

Standard DMA for products of primitives with exponent greater than 4.00000
Using 80-point Euler-MacLaurin radial quadrature
Using 590-point Lebedev quadrature
Becke smoothing parameter = 3

Positions and radii in angstrom
Multipole moments in atomic units, ea_0^k for rank k

C          x =  0.043286  y = -0.154375  z = -0.191741 angstrom
           Maximum rank =  2   Radius =  0.650 angstrom
                   Q00  =   0.328618
|Q1| =   0.728548  Q10  =   0.046945  Q11c =   0.346344  Q11s =  -0.639237
|Q2| =   0.591586  Q20  =   0.116020  Q21c =  -0.071361  Q21s =   0.053722
                   Q22c =  -0.305298  Q22s =  -0.485106

C          x = -0.544176  y =  0.331631  z =  2.450436 angstrom
           Maximum rank =  2   Radius =  0.650 angstrom
                   Q00  =   0.328636
|Q1| =   0.728174  Q10  =   0.265400  Q11c =  -0.030724  Q11s =  -0.677390
|Q2| =   0.590666  Q20  =   0.211369  Q21c =  -0.133748  Q21s =  -0.194210
                   Q22c =  -0.498318  Q22s =   0.016787

H          x =  0.251060  y =  1.656808  z =  0.933346 angstrom
           Maximum rank =  2   Radius =  0.350 angstrom
                   Q00  =   0.060138
|Q1| =   0.159479  Q10  =   0.015007  Q11c =  -0.051488  Q11s =  -0.150191
|Q2| =   0.085604  Q20  =  -0.008050  Q21c =  -0.044605  Q21s =   0.025027
                   Q22c =  -0.000652  Q22s =   0.068168

H          x = -1.409169  y =  1.187828  z =  0.687192 angstrom
           Maximum rank =  2   Radius =  0.350 angstrom
                   Q00  =   0.060464
|Q1| =   0.159488  Q10  =   0.045660  Q11c =   0.113161  Q11s =  -0.102695
|Q2| =   0.085774  Q20  =   0.012095  Q21c =  -0.003923  Q21s =  -0.015961
                   Q22c =   0.072154  Q22s =  -0.041648

C          x = -0.509029  y = -1.580940  z = -0.191741 angstrom
           Maximum rank =  2   Radius =  0.650 angstrom
                   Q00  =   0.742855
|Q1| =   0.648155  Q10  =   0.048750  Q11c =   0.543478  Q11s =  -0.349798
|Q2| =   0.785229  Q20  =  -0.293669  Q21c =  -0.076965  Q21s =   0.104785
                   Q22c =   0.083139  Q22s =   0.711707

C          x = -1.783450  y = -0.524475  z =  2.722367 angstrom
           Maximum rank =  2   Radius =  0.650 angstrom
                   Q00  =   0.723822
|Q1| =   0.685833  Q10  =   0.296528  Q11c =   0.277603  Q11s =  -0.552608
|Q2| =   0.860165  Q20  =  -0.406775  Q21c =  -0.022083  Q21s =   0.038483
                   Q22c =   0.708318  Q22s =   0.265959

C          x = -1.431809  y = -1.729744  z =  3.358846 angstrom
           Maximum rank =  2   Radius =  0.650 angstrom
                   Q00  =   0.739948
|Q1| =   0.648898  Q10  =  -0.295442  Q11c =  -0.054648  Q11s =   0.575149
|Q2| =   0.828451  Q20  =  -0.395252  Q21c =  -0.110114  Q21s =   0.012903
                   Q22c =   0.572762  Q22s =   0.435613

C          x =  0.541273  y = -2.521088  z = -0.218867 angstrom
           Maximum rank =  2   Radius =  0.650 angstrom
                   Q00  =   0.743258
|Q1| =   0.652922  Q10  =   0.008503  Q11c =  -0.405398  Q11s =   0.511750
|Q2| =   0.831198  Q20  =  -0.379638  Q21c =   0.033674  Q21s =   0.034592
                   Q22c =  -0.173318  Q22s =   0.717213

C          x =  1.819018  y = -1.799637  z = -0.218410 angstrom
           Maximum rank =  2   Radius =  0.650 angstrom
                   Q00  =   0.739980
|Q1| =   0.648926  Q10  =   0.015035  Q11c =  -0.228695  Q11s =   0.607106
|Q2| =   0.828134  Q20  =  -0.372900  Q21c =  -0.029384  Q21s =  -0.022541
                   Q22c =   0.715552  Q22s =   0.182660

C          x =  0.024830  y = -1.755732  z =  3.532554 angstrom
           Maximum rank =  2   Radius =  0.650 angstrom
                   Q00  =   0.743145
|Q1| =   0.653098  Q10  =  -0.266765  Q11c =   0.144234  Q11s =   0.578420
|Q2| =   0.831324  Q20  =  -0.282448  Q21c =   0.387591  Q21s =  -0.119444
                   Q22c =   0.487125  Q22s =  -0.457754

C          x =  0.565404  y = -0.567879  z =  2.999030 angstrom
           Maximum rank =  2   Radius =  0.650 angstrom
                   Q00  =   0.743163
|Q1| =   0.647664  Q10  =   0.161960  Q11c =  -0.331917  Q11s =  -0.532043
|Q2| =   0.784668  Q20  =  -0.193283  Q21c =   0.234303  Q21s =  -0.063986
                   Q22c =   0.658374  Q22s =  -0.293084

C          x =  1.550917  y = -0.417979  z = -0.191741 angstrom
           Maximum rank =  2   Radius =  0.650 angstrom
                   Q00  =   0.723913
|Q1| =   0.685577  Q10  =  -0.005118  Q11c =   0.019212  Q11s =  -0.685288
|Q2| =   0.859844  Q20  =  -0.385920  Q21c =  -0.042032  Q21s =  -0.018440
                   Q22c =   0.649221  Q22s =   0.408417

C          x =  2.595688  y =  0.498947  z = -0.235401 angstrom
           Maximum rank =  2   Radius =  0.650 angstrom
                   Q00  =   0.317175
|Q1| =   0.628141  Q10  =  -0.025522  Q11c =   0.055624  Q11s =  -0.625153
|Q2| =   0.900790  Q20  =  -0.776650  Q21c =  -0.047531  Q21s =  -0.070306
                   Q22c =  -0.435548  Q22s =  -0.106459

C          x =  1.929659  y = -0.316743  z =  3.103573 angstrom
           Maximum rank =  2   Radius =  0.650 angstrom
                   Q00  =   0.354807
|Q1| =   0.588754  Q10  =   0.115164  Q11c =  -0.261377  Q11s =  -0.514831
|Q2| =   0.725172  Q20  =  -0.246691  Q21c =  -0.157497  Q21s =  -0.534955
                   Q22c =  -0.103284  Q22s =   0.378641

C          x =  3.914429  y =  0.031409  z = -0.281713 angstrom
           Maximum rank =  2   Radius =  0.650 angstrom
                   Q00  =   0.331417
|Q1| =   0.590705  Q10  =   0.012411  Q11c =  -0.449501  Q11s =  -0.383049
|Q2| =   0.893247  Q20  =  -0.658633  Q21c =  -0.064970  Q21s =  -0.040791
                   Q22c =   0.096471  Q22s =   0.590678

C          x =  2.756394  y = -1.267659  z =  3.711441 angstrom
           Maximum rank =  2   Radius =  0.650 angstrom
                   Q00  =   0.342901
|Q1| =   0.591827  Q10  =  -0.077780  Q11c =  -0.580362  Q11s =  -0.085962
|Q2| =   0.830749  Q20  =  -0.448716  Q21c =   0.130216  Q21s =  -0.225116
                   Q22c =   0.598421  Q22s =   0.251110

C          x =  2.220119  y = -2.454257  z =  4.222157 angstrom
           Maximum rank =  2   Radius =  0.650 angstrom
                   Q00  =   0.334872
|Q1| =   0.587935  Q10  =  -0.263887  Q11c =  -0.349916  Q11s =   0.391905
|Q2| =   0.873933  Q20  =  -0.333425  Q21c =   0.376472  Q21s =  -0.564020
                   Q22c =   0.004462  Q22s =  -0.438996

C          x =  4.179713  y = -1.342081  z = -0.290972 angstrom
           Maximum rank =  2   Radius =  0.650 angstrom
                   Q00  =   0.333215
|Q1| =   0.586883  Q10  =   0.023374  Q11c =  -0.556042  Q11s =   0.186284
|Q2| =   0.887045  Q20  =  -0.650746  Q21c =  -0.080927  Q21s =   0.016148
                   Q22c =   0.475002  Q22s =  -0.361857

C          x =  3.133589  y = -2.267095  z = -0.263534 angstrom
           Maximum rank =  2   Radius =  0.650 angstrom
                   Q00  =   0.344792
|Q1| =   0.599148  Q10  =   0.015070  Q11c =  -0.197806  Q11s =   0.565353
|Q2| =   0.814535  Q20  =  -0.676908  Q21c =  -0.050039  Q21s =   0.039695
                   Q22c =  -0.412122  Q22s =  -0.177027

C          x =  0.849339  y = -2.704548  z =  4.140479 angstrom
           Maximum rank =  2   Radius =  0.650 angstrom
                   Q00  =   0.342008
|Q1| =   0.599562  Q10  =  -0.247388  Q11c =   0.149843  Q11s =   0.525186
|Q2| =   0.824934  Q20  =  -0.416466  Q21c =  -0.040155  Q21s =  -0.603463
                   Q22c =  -0.178663  Q22s =   0.330714

H          x =  0.433210  y = -3.621156  z =  4.551081 angstrom
           Maximum rank =  2   Radius =  0.350 angstrom
                   Q00  =   0.074800
|Q1| =   0.135590  Q10  =  -0.064729  Q11c =   0.028449  Q11s =   0.115695
|Q2| =   0.123759  Q20  =  -0.062592  Q21c =  -0.009301  Q21s =  -0.083047
                   Q22c =  -0.029600  Q22s =   0.059489

H          x =  3.344644  y = -3.333356  z = -0.280307 angstrom
           Maximum rank =  2   Radius =  0.350 angstrom
                   Q00  =   0.076397
|Q1| =   0.135002  Q10  =   0.012664  Q11c =  -0.050472  Q11s =   0.124570
|Q2| =   0.121372  Q20  =  -0.095338  Q21c =  -0.005338  Q21s =   0.000903
                   Q22c =  -0.071370  Q22s =  -0.022779

H          x =  5.208085  y = -1.692152  z = -0.326868 angstrom
           Maximum rank =  2   Radius =  0.350 angstrom
                   Q00  =   0.061164
|Q1| =   0.130269  Q10  =   0.009777  Q11c =  -0.123970  Q11s =   0.038806
|Q2| =   0.147820  Q20  =  -0.103058  Q21c =  -0.009723  Q21s =   0.000505
                   Q22c =   0.083230  Q22s =  -0.064867

H          x =  2.874651  y = -3.184004  z =  4.691818 angstrom
           Maximum rank =  2   Radius =  0.350 angstrom
                   Q00  =   0.061867
|Q1| =   0.130947  Q10  =  -0.062888  Q11c =  -0.077948  Q11s =   0.084358
|Q2| =   0.144632  Q20  =  -0.053978  Q21c =   0.059664  Q21s =  -0.090235
                   Q22c =  -0.000717  Q22s =  -0.079386

H          x =  4.737516  y =  0.740542  z = -0.314589 angstrom
           Maximum rank =  2   Radius =  0.350 angstrom
                   Q00  =   0.060527
|Q1| =   0.130751  Q10  =   0.009034  Q11c =  -0.100753  Q11s =  -0.082842
|Q2| =   0.147928  Q20  =  -0.103807  Q21c =  -0.009171  Q21s =  -0.002672
                   Q22c =   0.015137  Q22s =   0.103858

H          x =  3.824495  y = -1.082015  z =  3.784669 angstrom
           Maximum rank =  2   Radius =  0.350 angstrom
                   Q00  =   0.071307
|Q1| =   0.130951  Q10  =  -0.034799  Q11c =  -0.124749  Q11s =  -0.019363
|Q2| =   0.128254  Q20  =  -0.058382  Q21c =   0.007193  Q21s =  -0.031863
                   Q22c =   0.101343  Q22s =   0.041269

H          x =  2.400475  y =  1.569453  z = -0.235275 angstrom
           Maximum rank =  2   Radius =  0.350 angstrom
                   Q00  =   0.073499
|Q1| =   0.138748  Q10  =   0.011836  Q11c =   0.000410  Q11s =  -0.138242
|Q2| =   0.117662  Q20  =  -0.090756  Q21c =  -0.014995  Q21s =   0.004893
                   Q22c =  -0.066297  Q22s =  -0.031041

H          x =  2.360351  y =  0.598090  z =  2.707635 angstrom
           Maximum rank =  2   Radius =  0.350 angstrom
                   Q00  =   0.099730
|Q1| =   0.134760  Q10  =  -0.010573  Q11c =  -0.053880  Q11s =  -0.123067
|Q2| =   0.104028  Q20  =   0.005346  Q21c =  -0.056546  Q21s =  -0.070589
                   Q22c =  -0.013561  Q22s =   0.049286

C          x =  0.272260  y = -3.889926  z = -0.277563 angstrom
           Maximum rank =  2   Radius =  0.650 angstrom
                   Q00  =   0.342110
|Q1| =   0.599427  Q10  =   0.013246  Q11c =  -0.385432  Q11s =   0.458889
|Q2| =   0.825117  Q20  =  -0.689018  Q21c =  -0.010148  Q21s =   0.066218
                   Q22c =   0.040818  Q22s =  -0.447122

C          x = -2.414274  y = -2.648420  z =  3.732658 angstrom
           Maximum rank =  2   Radius =  0.650 angstrom
                   Q00  =   0.344823
|Q1| =   0.599221  Q10  =  -0.273450  Q11c =  -0.064555  Q11s =   0.529267
|Q2| =   0.814596  Q20  =  -0.376732  Q21c =   0.131961  Q21s =  -0.653519
                   Q22c =  -0.224562  Q22s =  -0.163434

C          x = -1.056482  y = -4.315505  z = -0.320088 angstrom
           Maximum rank =  2   Radius =  0.650 angstrom
                   Q00  =   0.334742
|Q1| =   0.587735  Q10  =   0.034803  Q11c =   0.118239  Q11s =   0.574666
|Q2| =   0.874150  Q20  =  -0.639028  Q21c =   0.018339  Q21s =   0.094687
                   Q22c =  -0.538096  Q22s =   0.238604

C          x = -3.753611  y = -2.349529  z =  3.473150 angstrom
           Maximum rank =  2   Radius =  0.650 angstrom
                   Q00  =   0.333125
|Q1| =   0.586722  Q10  =  -0.157079  Q11c =   0.420763  Q11s =   0.377528
|Q2| =   0.887014  Q20  =  -0.484027  Q21c =  -0.210598  Q21s =  -0.422759
                   Q22c =   0.112607  Q22s =   0.562811

C          x = -2.100033  y = -3.384069  z = -0.313860 angstrom
           Maximum rank =  2   Radius =  0.650 angstrom
                   Q00  =   0.342803
|Q1| =   0.592076  Q10  =   0.047910  Q11c =   0.549943  Q11s =   0.214060
|Q2| =   0.831285  Q20  =  -0.597707  Q21c =   0.025143  Q21s =   0.109746
                   Q22c =   0.466380  Q22s =   0.321862

C          x = -4.106175  y = -1.144658  z =  2.856082 angstrom
           Maximum rank =  2   Radius =  0.650 angstrom
                   Q00  =   0.331434
|Q1| =   0.590563  Q10  =   0.104688  Q11c =   0.569253  Q11s =  -0.117286
|Q2| =   0.893168  Q20  =  -0.545812  Q21c =   0.207801  Q21s =  -0.251555
                   Q22c =   0.584726  Q22s =  -0.226877

C          x = -3.119827  y = -0.224702  z =  2.480695 angstrom
           Maximum rank =  2   Radius =  0.650 angstrom
                   Q00  =   0.317596
|Q1| =   0.627819  Q10  =   0.292894  Q11c =   0.216630  Q11s =  -0.511313
|Q2| =   0.900323  Q20  =  -0.520796  Q21c =   0.142072  Q21s =  -0.648614
                   Q22c =  -0.204020  Q22s =  -0.238419

C          x = -1.829900  y = -2.012583  z = -0.256751 angstrom
           Maximum rank =  2   Radius =  0.650 angstrom
                   Q00  =   0.354153
|Q1| =   0.589482  Q10  =   0.088397  Q11c =   0.468392  Q11s =  -0.346819
|Q2| =   0.725281  Q20  =  -0.521078  Q21c =  -0.110210  Q21s =   0.135319
                   Q22c =   0.143351  Q22s =  -0.451113

H          x = -3.406164  y =  0.711900  z =  2.006569 angstrom
           Maximum rank =  2   Radius =  0.350 angstrom
                   Q00  =   0.073420
|Q1| =   0.138720  Q10  =   0.047978  Q11c =   0.060317  Q11s =  -0.115339
|Q2| =   0.117803  Q20  =  -0.047138  Q21c =   0.011332  Q21s =  -0.095690
                   Q22c =  -0.039057  Q22s =  -0.029073

H          x = -2.650930  y = -1.301757  z = -0.249345 angstrom
           Maximum rank =  2   Radius =  0.350 angstrom
                   Q00  =   0.099329
|Q1| =   0.134707  Q10  =   0.055978  Q11c =   0.100344  Q11s =  -0.070310
|Q2| =   0.103656  Q20  =  -0.036436  Q21c =  -0.049703  Q21s =   0.030271
                   Q22c =   0.022707  Q22s =  -0.074261

H          x = -3.130418  y = -3.726950  z = -0.351732 angstrom
           Maximum rank =  2   Radius =  0.350 angstrom
                   Q00  =   0.071160
|Q1| =   0.130949  Q10  =   0.026827  Q11c =   0.116722  Q11s =   0.052954
|Q2| =   0.128393  Q20  =  -0.082203  Q21c =  -0.008988  Q21s =   0.021477
                   Q22c =   0.081449  Q22s =   0.050511

H          x = -5.153035  y = -0.919204  z =  2.669902 angstrom
           Maximum rank =  2   Radius =  0.350 angstrom
                   Q00  =   0.060495
|Q1| =   0.130739  Q10  =   0.016633  Q11c =   0.126934  Q11s =  -0.026531
|Q2| =   0.148019  Q20  =  -0.084649  Q21c =   0.038522  Q21s =  -0.038530
                   Q22c =   0.100797  Q22s =  -0.040197

H          x = -1.281652  y = -5.377945  z = -0.364862 angstrom
           Maximum rank =  2   Radius =  0.350 angstrom
                   Q00  =   0.061884
|Q1| =   0.130903  Q10  =   0.012659  Q11c =   0.027195  Q11s =   0.127420
|Q2| =   0.144681  Q20  =  -0.101703  Q21c =  -0.000128  Q21s =   0.011682
                   Q22c =  -0.093284  Q22s =   0.041839

H          x = -4.528804  y = -3.055617  z =  3.759319 angstrom
           Maximum rank =  2   Radius =  0.350 angstrom
                   Q00  =   0.061140
|Q1| =   0.130269  Q10  =  -0.037941  Q11c =   0.095464  Q11s =   0.080107
|Q2| =   0.147861  Q20  =  -0.079147  Q21c =  -0.036291  Q21s =  -0.064473
                   Q22c =   0.015151  Q22s =   0.099475

H          x =  1.082017  y = -4.615047  z = -0.297122 angstrom
           Maximum rank =  2   Radius =  0.350 angstrom
                   Q00  =   0.074817
|Q1| =   0.135590  Q10  =   0.011699  Q11c =  -0.081911  Q11s =   0.107417
|Q2| =   0.123732  Q20  =  -0.098236  Q21c =   0.002511  Q21s =   0.006527
                   Q22c =   0.014898  Q22s =  -0.073407

H          x = -2.146001  y = -3.582123  z =  4.220494 angstrom
           Maximum rank =  2   Radius =  0.350 angstrom
                   Q00  =   0.076382
|Q1| =   0.135006  Q10  =  -0.069329  Q11c =  -0.007098  Q11s =   0.115627
|Q2| =   0.121391  Q20  =  -0.054698  Q21c =   0.022720  Q21s =  -0.092241
                   Q22c =  -0.039044  Q22s =  -0.034568

C          x = -0.341495  y =  0.542666  z = -1.525620 angstrom
           Maximum rank =  2   Radius =  0.650 angstrom
                   Q00  =   0.059390
|Q1| =   0.196251  Q10  =   0.068163  Q11c =   0.088445  Q11s =  -0.161387
|Q2| =   0.315952  Q20  =  -0.046049  Q21c =   0.102188  Q21s =  -0.178573
                   Q22c =  -0.130168  Q22s =  -0.196038

H          x =  0.027127  y = -0.030584  z = -2.381777 angstrom
           Maximum rank =  2   Radius =  0.350 angstrom
                   Q00  =   0.107204
|Q1| =   0.159808  Q10  =   0.148215  Q11c =   0.025036  Q11s =  -0.054260
|Q2| =   0.151896  Q20  =   0.000600  Q21c =  -0.051618  Q21s =   0.079394
                   Q22c =  -0.055790  Q22s =  -0.104841

H          x =  0.089374  y =  1.549733  z = -1.577518 angstrom
           Maximum rank =  2   Radius =  0.350 angstrom
                   Q00  =   0.041558
|Q1| =   0.142783  Q10  =   0.053776  Q11c =  -0.013495  Q11s =  -0.131579
|Q2| =   0.129673  Q20  =  -0.063669  Q21c =   0.008295  Q21s =  -0.018672
                   Q22c =  -0.073638  Q22s =   0.083195

H          x = -1.429982  y =  0.633455  z = -1.616238 angstrom
           Maximum rank =  2   Radius =  0.350 angstrom
                   Q00  =   0.044388
|Q1| =   0.141276  Q10  =   0.059469  Q11c =   0.115346  Q11s =  -0.055837
|Q2| =   0.133217  Q20  =  -0.063979  Q21c =   0.012037  Q21s =  -0.021208
                   Q22c =   0.114007  Q22s =  -0.007823

C          x = -0.423046  y =  0.790668  z =  0.961522 angstrom
           Maximum rank =  2   Radius =  0.650 angstrom
                   Q00  =   0.054138
|Q1| =   0.161426  Q10  =   0.035884  Q11c =   0.036179  Q11s =  -0.153173
|Q2| =   0.254673  Q20  =   0.127675  Q21c =  -0.162280  Q21s =  -0.020586
                   Q22c =  -0.111320  Q22s =  -0.096989

C          x = -0.627880  y =  1.621791  z =  3.311728 angstrom
           Maximum rank =  2   Radius =  0.650 angstrom
                   Q00  =   0.059116
|Q1| =   0.195593  Q10  =   0.016328  Q11c =  -0.003411  Q11s =  -0.194881
|Q2| =   0.315002  Q20  =  -0.133215  Q21c =  -0.001464  Q21s =   0.009681
                   Q22c =  -0.285277  Q22s =   0.001033

H          x = -1.455197  y =  2.259863  z =  2.978809 angstrom
           Maximum rank =  2   Radius =  0.350 angstrom
                   Q00  =   0.041556
|Q1| =   0.142778  Q10  =   0.005863  Q11c =   0.074211  Q11s =  -0.121835
|Q2| =   0.129732  Q20  =  -0.055266  Q21c =   0.058155  Q21s =  -0.028464
                   Q22c =   0.023354  Q22s =  -0.095071

H          x =  0.299824  y =  2.200437  z =  3.234537 angstrom
           Maximum rank =  2   Radius =  0.350 angstrom
                   Q00  =   0.044351
|Q1| =   0.141275  Q10  =  -0.017171  Q11c =  -0.073565  Q11s =  -0.119382
|Q2| =   0.133192  Q20  =  -0.077368  Q21c =  -0.023127  Q21s =   0.003682
                   Q22c =   0.055034  Q22s =   0.090428

H          x = -0.790566  y =  1.373989  z =  4.365158 angstrom
           Maximum rank =  2   Radius =  0.350 angstrom
                   Q00  =   0.106881
|Q1| =   0.159627  Q10  =  -0.107568  Q11c =   0.014930  Q11s =  -0.116991
|Q2| =   0.151863  Q20  =   0.078438  Q21c =  -0.033505  Q21s =  -0.103705
                   Q22c =  -0.068684  Q22s =   0.017751

Ac         x = -0.780318  y = -2.950684  z = -0.263145 angstrom
           Maximum rank =  2   Radius =  0.650 angstrom
                   Q00  =  -0.963580
|Q1| =   0.040081  Q10  =   0.005206  Q11c =   0.024264  Q11s =   0.031475
|Q2| =   0.466610  Q20  =   0.463770  Q21c =  -0.020551  Q21s =  -0.026686
                   Q22c =  -0.003666  Q22s =   0.038655

A1         x = -0.804593  y = -2.991183  z =  0.735740 angstrom
           Maximum rank =  2   Radius =  0.650 angstrom
                   Q00  =  -0.619854
|Q1| =   0.132622  Q10  =   0.006211  Q11c =   0.044546  Q11s =   0.124762
|Q2| =   0.590409  Q20  =   0.568970  Q21c =  -0.023626  Q21s =   0.138735
                   Q22c =   0.000226  Q22s =   0.071071

A-1        x = -0.756044  y = -2.910185  z = -1.262030 angstrom
           Maximum rank =  2   Radius =  0.650 angstrom
                   Q00  =  -0.613093
|Q1| =   0.107735  Q10  =  -0.006038  Q11c =   0.074406  Q11s =   0.077679
|Q2| =   0.653719  Q20  =   0.627426  Q21c =  -0.078596  Q21s =  -0.072116
                   Q22c =   0.001132  Q22s =   0.149352

Bc         x =  0.689093  y = -1.294803  z = -0.202500 angstrom
           Maximum rank =  2   Radius =  0.650 angstrom
                   Q00  =  -1.106738
|Q1| =   0.021857  Q10  =   0.000923  Q11c =   0.009441  Q11s =  -0.019691
|Q2| =   0.392962  Q20  =   0.386966  Q21c =   0.002997  Q21s =  -0.009951
                   Q22c =   0.036179  Q22s =   0.057095

B1         x =  0.695718  y = -1.306708  z =  0.797407 angstrom
           Maximum rank =  2   Radius =  0.650 angstrom
                   Q00  =  -0.642510
|Q1| =   0.073620  Q10  =   0.012517  Q11c =  -0.042306  Q11s =  -0.058936
|Q2| =   0.503159  Q20  =   0.447812  Q21c =  -0.096525  Q21s =  -0.124085
                   Q22c =   0.164860  Q22s =   0.027225

B-1        x =  0.682467  y = -1.282899  z = -1.202407 angstrom
           Maximum rank =  2   Radius =  0.650 angstrom
                   Q00  =  -0.684386
|Q1| =   0.161412  Q10  =   0.082676  Q11c =   0.065393  Q11s =  -0.122239
|Q2| =   0.488180  Q20  =   0.341973  Q21c =  -0.129331  Q21s =   0.240211
                   Q22c =   0.114383  Q22s =   0.184019

Cc         x =  2.865558  y = -0.882739  z = -0.246962 angstrom
           Maximum rank =  2   Radius =  0.650 angstrom
                   Q00  =  -0.965760
|Q1| =   0.038878  Q10  =   0.002867  Q11c =  -0.038077  Q11s =  -0.007307
|Q2| =   0.467541  Q20  =   0.465113  Q21c =   0.025595  Q21s =  -0.004356
                   Q22c =   0.036934  Q22s =   0.015022

C1         x =  2.900763  y = -0.887026  z =  0.752409 angstrom
           Maximum rank =  2   Radius =  0.650 angstrom
                   Q00  =  -0.688956
|Q1| =   0.179882  Q10  =  -0.118211  Q11c =  -0.115931  Q11s =  -0.070310
|Q2| =   0.556325  Q20  =   0.484779  Q21c =  -0.122398  Q21s =  -0.171589
                   Q22c =   0.147946  Q22s =   0.090413

C-1        x =  2.830352  y = -0.878452  z = -1.246333 angstrom
           Maximum rank =  2   Radius =  0.650 angstrom
                   Q00  =  -0.614570
|Q1| =   0.106600  Q10  =  -0.006773  Q11c =  -0.102932  Q11s =  -0.026883
|Q2| =   0.655575  Q20  =   0.631811  Q21c =   0.087682  Q21s =   0.028049
                   Q22c =   0.130283  Q22s =   0.071733

Dc         x = -2.768190  y = -1.436921  z =  3.103965 angstrom
           Maximum rank =  2   Radius =  0.650 angstrom
                   Q00  =  -0.965761
|Q1| =   0.038867  Q10  =  -0.003370  Q11c =   0.037578  Q11s =   0.009338
|Q2| =   0.467528  Q20  =   0.319109  Q21c =  -0.058297  Q21s =   0.333431
                   Q22c =  -0.046000  Q22s =  -0.007813

D1         x = -2.838552  y = -0.994538  z =  3.998027 angstrom
           Maximum rank =  2   Radius =  0.650 angstrom
                   Q00  =  -0.614527
|Q1| =   0.106550  Q10  =   0.006951  Q11c =   0.103116  Q11s =   0.025917
|Q2| =   0.655974  Q20  =   0.431781  Q21c =  -0.029025  Q21s =   0.490512
                   Q22c =   0.012519  Q22s =   0.047593

D-1        x = -2.697828  y = -1.879303  z =  2.209903 angstrom
           Maximum rank =  2   Radius =  0.650 angstrom
                   Q00  =  -0.687664
|Q1| =   0.178486  Q10  =   0.122603  Q11c =   0.122204  Q11s =   0.043494
|Q2| =   0.556380  Q20  =   0.224512  Q21c =  -0.244085  Q21s =   0.438957
                   Q22c =   0.056356  Q22s =  -0.060958

Ec         x = -0.633840  y = -0.849239  z =  3.012645 angstrom
           Maximum rank =  2   Radius =  0.650 angstrom
                   Q00  =  -1.106702
|Q1| =   0.021893  Q10  =   0.008515  Q11c =   0.000120  Q11s =  -0.020169
|Q2| =   0.393011  Q20  =   0.259348  Q21c =  -0.051093  Q21s =   0.288885
                   Q22c =  -0.000264  Q22s =  -0.033628

E1         x = -0.731434  y = -0.411086  z =  3.906232 angstrom
           Maximum rank =  2   Radius =  0.650 angstrom
                   Q00  =  -0.683851
|Q1| =   0.160998  Q10  =  -0.015171  Q11c =   0.002134  Q11s =  -0.160267
|Q2| =   0.489088  Q20  =   0.393772  Q21c =  -0.044788  Q21s =   0.136780
                   Q22c =   0.251013  Q22s =  -0.020716

E-1        x = -0.536246  y = -1.287393  z =  2.119059 angstrom
           Maximum rank =  2   Radius =  0.650 angstrom
                   Q00  =  -0.642099
|Q1| =   0.073245  Q10  =   0.009074  Q11c =   0.064246  Q11s =  -0.033986
|Q2| =   0.502916  Q20  =   0.226376  Q21c =  -0.226825  Q21s =   0.386222
                   Q22c =   0.031612  Q22s =   0.007882

Fc         x =  1.390957  y = -1.511135  z =  3.618204 angstrom
           Maximum rank =  2   Radius =  0.650 angstrom
                   Q00  =  -0.963551
|Q1| =   0.040086  Q10  =  -0.015592  Q11c =  -0.034771  Q11s =   0.012442
|Q2| =   0.466584  Q20  =   0.313245  Q21c =  -0.084336  Q21s =   0.324482
                   Q22c =  -0.045298  Q22s =  -0.071588

F1         x =  1.251589  y = -1.062950  z =  4.501214 angstrom
           Maximum rank =  2   Radius =  0.650 angstrom
                   Q00  =  -0.613030
|Q1| =   0.107883  Q10  =  -0.019991  Q11c =  -0.100918  Q11s =   0.032475
|Q2| =   0.653481  Q20  =   0.399610  Q21c =  -0.136874  Q21s =   0.468279
                   Q22c =   0.016297  Q22s =  -0.170483

F-1        x =  1.530324  y = -1.959320  z =  2.735194 angstrom
           Maximum rank =  2   Radius =  0.650 angstrom
                   Q00  =  -0.619854
|Q1| =   0.132653  Q10  =  -0.054129  Q11c =  -0.092647  Q11s =   0.077996
|Q2| =   0.589561  Q20  =   0.494923  Q21c =  -0.037036  Q21s =   0.313840
                   Q22c =   0.014599  Q22s =  -0.050529

Total multipoles referred to origin at
           x =   0.000000,  y =    0.000000,  z =    0.000000 angstrom
                   Q00  =  -0.000072
|Q1| =   0.210034  Q10  =  -0.049896  Q11c =  -0.047379  Q11s =   0.198444
|Q2| =  15.131778  Q20  = -14.272736  Q21c =   1.782946  Q21s =  -4.575398
                   Q22c =   0.959627  Q22s =   0.475042

CPU time used:     19m13.859s          Total:     19m13.859s

Finished at 15:18:22 on 10 Nov 2025 
