                                     G D M A
                                 by Anthony Stone

               Distributed Multipoles from Gaussian wavefunctions

                             version 2.3.3 (6b8e81e)
              Compiled with gfortran on 31 October 2025 at 08:42:00

Starting at 06:48:09 on 11 Nov 2025 


Using SCF density matrix from file f4.fchk


                         Distributed Multipole Analysis

Standard DMA for products of primitives with exponent greater than 4.00000
Using 80-point Euler-MacLaurin radial quadrature
Using 590-point Lebedev quadrature
Becke smoothing parameter = 3

Positions and radii in angstrom
Multipole moments in atomic units, ea_0^k for rank k

C          x = -0.633338  y =  0.371251  z =  0.250007 angstrom
           Maximum rank =  2   Radius =  0.650 angstrom
                   Q00  =   0.344084
|Q1| =   0.724924  Q10  =   0.257689  Q11c =  -0.584886  Q11s =   0.342080
|Q2| =   0.593963  Q20  =   0.158083  Q21c =  -0.051680  Q21s =   0.178897
                   Q22c =   0.318551  Q22s =  -0.437781

C          x =  3.105082  y = -0.435321  z =  4.132291 angstrom
           Maximum rank =  2   Radius =  0.650 angstrom
                   Q00  =  -0.060344
|Q1| =   0.143492  Q10  =   0.109022  Q11c =  -0.069832  Q11s =   0.061868
|Q2| =   0.165341  Q20  =   0.152848  Q21c =  -0.006395  Q21s =   0.062648
                   Q22c =  -0.000661  Q22s =  -0.003005

C          x =  0.826012  y = -0.275631  z =  2.551266 angstrom
           Maximum rank =  2   Radius =  0.650 angstrom
                   Q00  =  -0.019719
|Q1| =   0.168513  Q10  =   0.076029  Q11c =  -0.148747  Q11s =   0.022148
|Q2| =   0.168939  Q20  =   0.039360  Q21c =  -0.005378  Q21s =  -0.021522
                   Q22c =   0.135673  Q22s =  -0.089956

H          x =  0.929831  y = -1.102660  z =  0.577757 angstrom
           Maximum rank =  2   Radius =  0.350 angstrom
                   Q00  =   0.056546
|Q1| =   0.155983  Q10  =   0.069549  Q11c =  -0.076179  Q11s =   0.117007
|Q2| =   0.086206  Q20  =   0.022759  Q21c =   0.042701  Q21s =   0.026303
                   Q22c =  -0.058527  Q22s =  -0.031193

H          x =  1.464590  y =  0.554723  z =  0.645903 angstrom
           Maximum rank =  2   Radius =  0.350 angstrom
                   Q00  =   0.058496
|Q1| =   0.156771  Q10  =   0.062782  Q11c =  -0.133852  Q11s =  -0.052145
|Q2| =   0.084164  Q20  =  -0.016507  Q21c =   0.029852  Q21s =  -0.060992
                   Q22c =   0.010432  Q22s =   0.045728

C          x = -1.420290  y =  0.091913  z = -2.399528 angstrom
           Maximum rank =  2   Radius =  0.650 angstrom
                   Q00  =   0.332650
|Q1| =   0.726920  Q10  =   0.055427  Q11c =  -0.724710  Q11s =  -0.011629
|Q2| =   0.593221  Q20  =   0.117307  Q21c =   0.086178  Q21s =   0.037193
                   Q22c =   0.573525  Q22s =   0.020219

H          x =  2.892929  y =  0.253063  z =  2.125805 angstrom
           Maximum rank =  2   Radius =  0.350 angstrom
                   Q00  =   0.051282
|Q1| =   0.153214  Q10  =   0.102649  Q11c =  -0.093224  Q11s =  -0.065169
|Q2| =   0.097989  Q20  =   0.016352  Q21c =   0.035993  Q21s =  -0.069166
                   Q22c =  -0.003843  Q22s =   0.056922

H          x =  0.477201  y =  0.714069  z = -1.563218 angstrom
           Maximum rank =  2   Radius =  0.350 angstrom
                   Q00  =   0.062490
|Q1| =   0.158882  Q10  =   0.054864  Q11c =  -0.140136  Q11s =  -0.050945
|Q2| =   0.078333  Q20  =   0.012245  Q21c =   0.002798  Q21s =   0.007177
                   Q22c =   0.001211  Q22s =   0.076976

H          x =  2.607464  y = -1.458418  z =  2.291232 angstrom
           Maximum rank =  2   Radius =  0.350 angstrom
                   Q00  =   0.052618
|Q1| =   0.152518  Q10  =   0.082437  Q11c =  -0.060708  Q11s =   0.113051
|Q2| =   0.087455  Q20  =  -0.032465  Q21c =   0.043619  Q21s =   0.062820
                   Q22c =  -0.024380  Q22s =  -0.012290

H          x =  0.079952  y = -0.963934  z = -1.313094 angstrom
           Maximum rank =  2   Radius =  0.350 angstrom
                   Q00  =   0.060324
|Q1| =   0.159750  Q10  =   0.024674  Q11c =  -0.105218  Q11s =   0.117645
|Q2| =   0.089232  Q20  =  -0.003710  Q21c =   0.060891  Q21s =   0.015593
                   Q22c =  -0.053082  Q22s =  -0.034353

C          x = -1.955351  y = -0.188261  z =  0.779927 angstrom
           Maximum rank =  2   Radius =  0.650 angstrom
                   Q00  =   0.742941
|Q1| =   0.644403  Q10  =   0.128330  Q11c =  -0.324117  Q11s =   0.541973
|Q2| =   0.768480  Q20  =  -0.231216  Q21c =  -0.144200  Q21s =  -0.179981
                   Q22c =  -0.113931  Q22s =   0.686246

C          x =  2.439878  y = -1.115105  z =  5.331450 angstrom
           Maximum rank =  2   Radius =  0.650 angstrom
                   Q00  =  -0.056578
|Q1| =   0.090099  Q10  =   0.035601  Q11c =  -0.018376  Q11s =   0.080701
|Q2| =   1.123638  Q20  =   0.288510  Q21c =  -0.532631  Q21s =   0.001421
                   Q22c =  -0.797027  Q22s =   0.510268

C          x = -2.349763  y = -1.124787  z = -2.399528 angstrom
           Maximum rank =  2   Radius =  0.650 angstrom
                   Q00  =   0.724972
|Q1| =   0.684566  Q10  =  -0.000958  Q11c =  -0.615718  Q11s =   0.299200
|Q2| =   0.855251  Q20  =  -0.380264  Q21c =   0.009976  Q21s =   0.045832
                   Q22c =  -0.705193  Q22s =   0.295562

C          x =  0.045749  y = -1.490689  z =  3.062916 angstrom
           Maximum rank =  2   Radius =  0.650 angstrom
                   Q00  =  -0.046350
|Q1| =   0.131200  Q10  =   0.049311  Q11c =  -0.081142  Q11s =   0.090543
|Q2| =   0.940916  Q20  =  -0.323960  Q21c =  -0.675211  Q21s =   0.148366
                   Q22c =  -0.514145  Q22s =   0.195206

C          x = -3.699138  y = -0.725977  z = -2.420691 angstrom
           Maximum rank =  2   Radius =  0.650 angstrom
                   Q00  =   0.741086
|Q1| =   0.647995  Q10  =   0.014609  Q11c =   0.643301  Q11s =  -0.076477
|Q2| =   0.823776  Q20  =  -0.365223  Q21c =  -0.009793  Q21s =   0.039433
                   Q22c =  -0.560196  Q22s =   0.479319

C          x = -0.869403  y = -1.116439  z =  4.062160 angstrom
           Maximum rank =  2   Radius =  0.650 angstrom
                   Q00  =  -0.001488
|Q1| =   0.156209  Q10  =  -0.147617  Q11c =   0.017867  Q11s =   0.047868
|Q2| =   0.845085  Q20  =  -0.290043  Q21c =  -0.628611  Q21s =   0.011010
                   Q22c =  -0.388529  Q22s =   0.289508

C          x =  2.304049  y = -0.209034  z =  6.403216 angstrom
           Maximum rank =  2   Radius =  0.650 angstrom
                   Q00  =  -0.036298
|Q1| =   0.114972  Q10  =  -0.108449  Q11c =   0.025909  Q11s =  -0.028036
|Q2| =   1.128849  Q20  =   0.430556  Q21c =  -0.588527  Q21s =  -0.051040
                   Q22c =  -0.695834  Q22s =   0.505735

C          x = -2.794652  y =  0.856922  z =  1.218007 angstrom
           Maximum rank =  2   Radius =  0.650 angstrom
                   Q00  =   0.751286
|Q1| =   0.650649  Q10  =  -0.244669  Q11c =   0.452595  Q11s =  -0.398295
|Q2| =   0.818866  Q20  =  -0.291257  Q21c =  -0.243886  Q21s =  -0.264800
                   Q22c =   0.125550  Q22s =   0.663587

C          x = -2.106989  y =  2.135041  z =  1.012834 angstrom
           Maximum rank =  2   Radius =  0.650 angstrom
                   Q00  =   0.747411
|Q1| =   0.644439  Q10  =  -0.270262  Q11c =   0.541201  Q11s =  -0.222175
|Q2| =   0.810504  Q20  =  -0.384341  Q21c =   0.075267  Q21s =   0.002855
                   Q22c =  -0.684614  Q22s =   0.186625

C          x =  2.834785  y =  1.094375  z =  5.989415 angstrom
           Maximum rank =  2   Radius =  0.650 angstrom
                   Q00  =  -0.035537
|Q1| =   0.115731  Q10  =  -0.100021  Q11c =   0.016239  Q11s =  -0.055910
|Q2| =   1.128987  Q20  =   0.232898  Q21c =  -0.456121  Q21s =   0.255218
                   Q22c =  -0.821114  Q22s =   0.522456

C          x = -0.756798  y =  0.329601  z =  4.274996 angstrom
           Maximum rank =  2   Radius =  0.650 angstrom
                   Q00  =  -0.007533
|Q1| =   0.161768  Q10  =  -0.157066  Q11c =   0.038671  Q11s =  -0.001958
|Q2| =   0.901587  Q20  =  -0.152872  Q21c =  -0.696545  Q21s =   0.310750
                   Q22c =  -0.450010  Q22s =   0.072383

C          x = -3.750452  y =  0.739964  z = -2.422417 angstrom
           Maximum rank =  2   Radius =  0.650 angstrom
                   Q00  =   0.744928
|Q1| =   0.652578  Q10  =   0.003429  Q11c =   0.640748  Q11s =   0.123648
|Q2| =   0.828976  Q20  =  -0.375031  Q21c =   0.017212  Q21s =  -0.056046
                   Q22c =  -0.486198  Q22s =  -0.553829

C          x =  0.224435  y =  0.844111  z =  3.402545 angstrom
           Maximum rank =  2   Radius =  0.650 angstrom
                   Q00  =   0.017784
|Q1| =   0.197538  Q10  =  -0.102872  Q11c =  -0.166384  Q11s =  -0.027474
|Q2| =   0.629885  Q20  =  -0.204684  Q21c =  -0.396689  Q21s =   0.160249
                   Q22c =  -0.396032  Q22s =   0.122376

C          x = -2.432359  y =  1.240189  z = -2.399528 angstrom
           Maximum rank =  2   Radius =  0.650 angstrom
                   Q00  =   0.747504
|Q1| =   0.640995  Q10  =   0.059247  Q11c =  -0.552774  Q11s =  -0.319071
|Q2| =   0.775054  Q20  =  -0.280185  Q21c =   0.150458  Q21s =   0.020300
                   Q22c =  -0.622513  Q22s =  -0.334115

C          x =  3.300505  y =  0.986441  z =  4.665804 angstrom
           Maximum rank =  2   Radius =  0.650 angstrom
                   Q00  =  -0.059805
|Q1| =   0.108118  Q10  =   0.080968  Q11c =  -0.068808  Q11s =  -0.019982
|Q2| =   1.110355  Q20  =   0.204774  Q21c =  -0.538234  Q21s =   0.112287
                   Q22c =  -0.743883  Q22s =   0.579043

C          x = -0.845707  y =  1.875277  z =  0.448851 angstrom
           Maximum rank =  2   Radius =  0.650 angstrom
                   Q00  =   0.726968
|Q1| =   0.685759  Q10  =   0.265840  Q11c =  -0.631994  Q11s =   0.013354
|Q2| =   0.850159  Q20  =  -0.381648  Q21c =   0.029943  Q21s =  -0.079221
                   Q22c =  -0.641203  Q22s =   0.398498

C          x =  0.013232  y =  2.924574  z =  0.139625 angstrom
           Maximum rank =  2   Radius =  0.650 angstrom
                   Q00  =   0.301911
|Q1| =   0.652174  Q10  =   0.258349  Q11c =  -0.596401  Q11s =   0.053785
|Q2| =   0.929036  Q20  =  -0.563374  Q21c =  -0.678859  Q21s =   0.098096
                   Q22c =   0.267201  Q22s =  -0.062047

C          x =  3.910928  y =  2.072747  z =  4.048243 angstrom
           Maximum rank =  2   Radius =  0.650 angstrom
                   Q00  =  -0.059219
|Q1| =   0.119557  Q10  =   0.103347  Q11c =  -0.031885  Q11s =  -0.050958
|Q2| =   1.223221  Q20  =   0.354432  Q21c =  -0.735896  Q21s =   0.192411
                   Q22c =  -0.662597  Q22s =   0.594178

C          x = -2.210036  y =  2.610806  z = -2.486239 angstrom
           Maximum rank =  2   Radius =  0.650 angstrom
                   Q00  =   0.367555
|Q1| =   0.579529  Q10  =   0.124756  Q11c =  -0.509113  Q11s =  -0.247170
|Q2| =   0.715741  Q20  =  -0.476867  Q21c =   0.215931  Q21s =   0.053150
                   Q22c =   0.290097  Q22s =   0.388942

C          x =  0.523834  y =  2.202351  z =  3.424081 angstrom
           Maximum rank =  2   Radius =  0.650 angstrom
                   Q00  =   0.012325
|Q1| =   0.195554  Q10  =  -0.093395  Q11c =  -0.165033  Q11s =  -0.047777
|Q2| =   0.672779  Q20  =  -0.127516  Q21c =  -0.541519  Q21s =   0.005013
                   Q22c =  -0.360999  Q22s =   0.113060

C          x = -0.391397  y =  4.239384  z =  0.398590 angstrom
           Maximum rank =  2   Radius =  0.650 angstrom
                   Q00  =   0.326409
|Q1| =   0.603432  Q10  =   0.129624  Q11c =  -0.367781  Q11s =  -0.460505
|Q2| =   0.894061  Q20  =  -0.546763  Q21c =  -0.365295  Q21s =  -0.165773
                   Q22c =  -0.179111  Q22s =   0.554431

C          x =  4.031759  y =  3.279014  z =  4.748017 angstrom
           Maximum rank =  2   Radius =  0.650 angstrom
                   Q00  =  -0.044778
|Q1| =   0.072124  Q10  =   0.025650  Q11c =  -0.019503  Q11s =  -0.064526
|Q2| =   1.157195  Q20  =   0.275556  Q21c =  -0.622930  Q21s =   0.124456
                   Q22c =  -0.687777  Q22s =   0.621772

C          x = -0.155277  y =  3.041066  z =  4.312600 angstrom
           Maximum rank =  2   Radius =  0.650 angstrom
                   Q00  =  -0.019905
|Q1| =   0.138599  Q10  =  -0.105191  Q11c =  -0.028886  Q11s =  -0.085500
|Q2| =   0.951275  Q20  =  -0.125581  Q21c =  -0.750829  Q21s =   0.171710
                   Q22c =  -0.500638  Q22s =   0.212806

C          x = -3.304094  y =  3.480104  z = -2.549860 angstrom
           Maximum rank =  2   Radius =  0.650 angstrom
                   Q00  =   0.343904
|Q1| =   0.593793  Q10  =   0.056814  Q11c =  -0.057637  Q11s =  -0.588252
|Q2| =   0.828507  Q20  =  -0.597378  Q21c =   0.092985  Q21s =  -0.096754
                   Q22c =  -0.521580  Q22s =   0.198774

C          x = -1.129137  y =  2.526900  z =  5.174890 angstrom
           Maximum rank =  2   Radius =  0.650 angstrom
                   Q00  =  -0.032369
|Q1| =   0.094090  Q10  =  -0.068571  Q11c =   0.040587  Q11s =  -0.050037
|Q2| =   1.111821  Q20  =  -0.178229  Q21c =  -0.942995  Q21s =   0.306709
                   Q22c =  -0.448005  Q22s =   0.142698

C          x = -4.611124  y =  2.982069  z = -2.543314 angstrom
           Maximum rank =  2   Radius =  0.650 angstrom
                   Q00  =   0.333906
|Q1| =   0.588461  Q10  =   0.038431  Q11c =   0.456984  Q11s =  -0.368748
|Q2| =   0.874252  Q20  =  -0.639615  Q21c =   0.079663  Q21s =  -0.069745
                   Q22c =   0.117245  Q22s =  -0.574677

C          x = -1.645784  y =  4.495125  z =  0.962396 angstrom
           Maximum rank =  2   Radius =  0.650 angstrom
                   Q00  =   0.332622
|Q1| =   0.599188  Q10  =  -0.108730  Q11c =   0.161008  Q11s =  -0.566816
|Q2| =   0.884663  Q20  =  -0.555549  Q21c =  -0.263803  Q21s =   0.233030
                   Q22c =  -0.516716  Q22s =  -0.288276

C          x =  3.550481  y =  3.390254  z =  6.056741 angstrom
           Maximum rank =  2   Radius =  0.650 angstrom
                   Q00  =  -0.041115
|Q1| =   0.067067  Q10  =  -0.024775  Q11c =  -0.003798  Q11s =  -0.062207
|Q2| =   1.149813  Q20  =   0.311411  Q21c =  -0.532566  Q21s =   0.315773
                   Q22c =  -0.745147  Q22s =   0.535267

C          x = -2.511699  y =  3.444593  z =  1.273442 angstrom
           Maximum rank =  2   Radius =  0.650 angstrom
                   Q00  =   0.346939
|Q1| =   0.611480  Q10  =  -0.252976  Q11c =   0.519257  Q11s =  -0.200706
|Q2| =   0.791138  Q20  =  -0.452922  Q21c =  -0.556225  Q21s =   0.128538
                   Q22c =   0.283356  Q22s =  -0.120672

C          x =  2.953045  y =  2.297198  z =  6.687986 angstrom
           Maximum rank =  2   Radius =  0.650 angstrom
                   Q00  =  -0.027130
|Q1| =   0.101514  Q10  =  -0.074195  Q11c =   0.009229  Q11s =  -0.068667
|Q2| =   1.130351  Q20  =   0.434445  Q21c =  -0.572311  Q21s =   0.217950
                   Q22c =  -0.682273  Q22s =   0.498409

C          x = -4.842981  y =  1.607075  z = -2.486110 angstrom
           Maximum rank =  2   Radius =  0.650 angstrom
                   Q00  =   0.341863
|Q1| =   0.600818  Q10  =   0.009641  Q11c =   0.586281  Q11s =   0.131013
|Q2| =   0.825169  Q20  =  -0.690201  Q21c =   0.059137  Q21s =  -0.029947
                   Q22c =   0.339401  Q22s =   0.291444

C          x = -1.437249  y =  1.166277  z =  5.161390 angstrom
           Maximum rank =  2   Radius =  0.650 angstrom
                   Q00  =  -0.026370
|Q1| =   0.133185  Q10  =  -0.103795  Q11c =   0.077144  Q11s =  -0.031840
|Q2| =   1.121334  Q20  =  -0.186447  Q21c =  -0.964843  Q21s =   0.224059
                   Q22c =  -0.428831  Q22s =   0.240016

H          x = -2.192039  y =  0.765598  z =  5.833234 angstrom
           Maximum rank =  2   Radius =  0.350 angstrom
                   Q00  =   0.062171
|Q1| =   0.126713  Q10  =  -0.089533  Q11c =   0.086259  Q11s =   0.024483
|Q2| =   0.121270  Q20  =  -0.004658  Q21c =  -0.102677  Q21s =  -0.028868
                   Q22c =   0.005914  Q22s =   0.057217

H          x = -5.858746  y =  1.219935  z = -2.500311 angstrom
           Maximum rank =  2   Radius =  0.350 angstrom
                   Q00  =   0.074959
|Q1| =   0.136014  Q10  =   0.011744  Q11c =   0.133496  Q11s =   0.023255
|Q2| =   0.122648  Q20  =  -0.097191  Q21c =   0.003530  Q21s =  -0.006557
                   Q22c =   0.050620  Q22s =   0.054578

H          x = -3.485814  y =  3.648547  z =  1.710049 angstrom
           Maximum rank =  2   Radius =  0.350 angstrom
                   Q00  =   0.082866
|Q1| =   0.135236  Q10  =  -0.056842  Q11c =   0.111595  Q11s =  -0.051034
|Q2| =   0.101447  Q20  =  -0.045641  Q21c =  -0.070313  Q21s =   0.013596
                   Q22c =   0.053306  Q22s =  -0.015433

H          x =  2.590216  y =  2.385396  z =  7.708931 angstrom
           Maximum rank =  2   Radius =  0.350 angstrom
                   Q00  =   0.055543
|Q1| =   0.123998  Q10  =  -0.118632  Q11c =   0.025411  Q11s =  -0.025617
|Q2| =   0.145162  Q20  =   0.103697  Q21c =  -0.090562  Q21s =   0.020209
                   Q22c =  -0.030781  Q22s =   0.027593

H          x = -1.948939  y =  5.520199  z =  1.159721 angstrom
           Maximum rank =  2   Radius =  0.350 angstrom
                   Q00  =   0.064341
|Q1| =   0.131703  Q10  =  -0.023111  Q11c =   0.032392  Q11s =  -0.125548
|Q2| =   0.133621  Q20  =  -0.075826  Q21c =  -0.027589  Q21s =   0.038581
                   Q22c =  -0.084412  Q22s =  -0.052248

H          x =  3.649594  y =  4.332537  z =  6.589406 angstrom
           Maximum rank =  2   Radius =  0.350 angstrom
                   Q00  =   0.045033
|Q1| =   0.120701  Q10  =  -0.059891  Q11c =  -0.018690  Q11s =  -0.103114
|Q2| =   0.164543  Q20  =   0.000295  Q21c =  -0.019983  Q21s =   0.105126
                   Q22c =  -0.117075  Q22s =   0.043784

H          x = -5.451433  y =  3.669858  z = -2.592191 angstrom
           Maximum rank =  2   Radius =  0.350 angstrom
                   Q00  =   0.061692
|Q1| =   0.131417  Q10  =   0.013654  Q11c =   0.101187  Q11s =  -0.082736
|Q2| =   0.143774  Q20  =  -0.101032  Q21c =   0.010821  Q21s =  -0.006235
                   Q22c =   0.019672  Q22s =  -0.099602

H          x = -1.648562  y =  3.191647  z =  5.860550 angstrom
           Maximum rank =  2   Radius =  0.350 angstrom
                   Q00  =   0.050775
|Q1| =   0.123894  Q10  =  -0.081560  Q11c =   0.057524  Q11s =  -0.073406
|Q2| =   0.140913  Q20  =   0.003416  Q21c =  -0.094726  Q21s =   0.085143
                   Q22c =  -0.032439  Q22s =  -0.050697

H          x =  0.273278  y =  5.066076  z =  0.160768 angstrom
           Maximum rank =  2   Radius =  0.350 angstrom
                   Q00  =   0.063213
|Q1| =   0.132384  Q10  =   0.028513  Q11c =  -0.077543  Q11s =  -0.103439
|Q2| =   0.133382  Q20  =  -0.074223  Q21c =  -0.044826  Q21s =  -0.030733
                   Q22c =  -0.022846  Q22s =   0.093839

H          x =  4.505614  y =  4.133725  z =  4.272230 angstrom
           Maximum rank =  2   Radius =  0.350 angstrom
                   Q00  =   0.045684
|Q1| =   0.121381  Q10  =   0.045476  Q11c =  -0.060774  Q11s =  -0.094719
|Q2| =   0.159886  Q20  =  -0.005452  Q21c =  -0.067089  Q21s =  -0.065458
                   Q22c =  -0.078828  Q22s =   0.102638

H          x =  0.078717  y =  4.101590  z =  4.331161 angstrom
           Maximum rank =  2   Radius =  0.350 angstrom
                   Q00  =   0.068770
|Q1| =   0.122484  Q10  =  -0.026114  Q11c =  -0.019262  Q11s =  -0.118107
|Q2| =   0.107151  Q20  =  -0.043549  Q21c =  -0.004389  Q21s =  -0.005731
                   Q22c =  -0.086423  Q22s =   0.045428

H          x = -3.134331  y =  4.552075  z = -2.601485 angstrom
           Maximum rank =  2   Radius =  0.350 angstrom
                   Q00  =   0.071784
|Q1| =   0.131918  Q10  =   0.029892  Q11c =  -0.005313  Q11s =  -0.128377
|Q2| =   0.126752  Q20  =  -0.081254  Q21c =   0.023776  Q21s =  -0.004749
                   Q22c =  -0.086303  Q22s =   0.037787

H          x =  0.992205  y =  2.738202  z = -0.298343 angstrom
           Maximum rank =  2   Radius =  0.350 angstrom
                   Q00  =   0.077617
|Q1| =   0.139593  Q10  =   0.056999  Q11c =  -0.127382  Q11s =  -0.003350
|Q2| =   0.096499  Q20  =  -0.044316  Q21c =  -0.063262  Q21s =   0.017532
                   Q22c =   0.046639  Q22s =  -0.029387

H          x =  4.293620  y =  1.996598  z =  3.032473 angstrom
           Maximum rank =  2   Radius =  0.350 angstrom
                   Q00  =   0.058119
|Q1| =   0.128063  Q10  =   0.108350  Q11c =  -0.067682  Q11s =  -0.008922
|Q2| =   0.128203  Q20  =   0.098765  Q21c =  -0.067654  Q21s =   0.029934
                   Q22c =  -0.021788  Q22s =   0.027088

H          x =  1.275630  y =  2.618711  z =  2.763330 angstrom
           Maximum rank =  2   Radius =  0.350 angstrom
                   Q00  =   0.102015
|Q1| =   0.114814  Q10  =   0.043657  Q11c =  -0.094040  Q11s =  -0.049322
|Q2| =   0.077071  Q20  =   0.022379  Q21c =  -0.012364  Q21s =  -0.059549
                   Q22c =   0.035193  Q22s =   0.022396

H          x = -1.202286  y =  3.014459  z = -2.488091 angstrom
           Maximum rank =  2   Radius =  0.350 angstrom
                   Q00  =   0.106249
|Q1| =   0.136015  Q10  =   0.067373  Q11c =  -0.105147  Q11s =  -0.053897
|Q2| =   0.107151  Q20  =  -0.029707  Q21c =   0.056545  Q21s =   0.034767
                   Q22c =   0.047925  Q22s =   0.062417

C          x =  1.777779  y = -0.624825  z =  7.627919 angstrom
           Maximum rank =  2   Radius =  0.650 angstrom
                   Q00  =  -0.028656
|Q1| =   0.102275  Q10  =  -0.096605  Q11c =   0.033317  Q11s =  -0.004202
|Q2| =   1.138766  Q20  =   0.454593  Q21c =  -0.538075  Q21s =   0.185806
                   Q22c =  -0.775383  Q22s =   0.406037

C          x = -4.062175  y =  0.587724  z =  1.737026 angstrom
           Maximum rank =  2   Radius =  0.650 angstrom
                   Q00  =   0.340605
|Q1| =   0.611144  Q10  =  -0.218035  Q11c =   0.418175  Q11s =  -0.388699
|Q2| =   0.808114  Q20  =  -0.498083  Q21c =  -0.443436  Q21s =   0.239669
                   Q22c =  -0.141969  Q22s =  -0.361565

C          x = -4.720222  y = -1.676864  z = -2.466031 angstrom
           Maximum rank =  2   Radius =  0.650 angstrom
                   Q00  =   0.345128
|Q1| =   0.600826  Q10  =   0.013103  Q11c =   0.594698  Q11s =  -0.084585
|Q2| =   0.813119  Q20  =  -0.676559  Q21c =   0.055984  Q21s =   0.031474
                   Q22c =   0.379652  Q22s =  -0.234881

C          x = -1.684548  y = -2.070966  z =  4.671239 angstrom
           Maximum rank =  2   Radius =  0.650 angstrom
                   Q00  =  -0.018485
|Q1| =   0.136831  Q10  =  -0.106553  Q11c =   0.060090  Q11s =   0.061305
|Q2| =   1.022928  Q20  =  -0.201838  Q21c =  -0.891573  Q21s =   0.129948
                   Q22c =  -0.408899  Q22s =   0.163266

C          x =  1.399752  y = -1.959397  z =  7.782212 angstrom
           Maximum rank =  2   Radius =  0.650 angstrom
                   Q00  =  -0.038221
|Q1| =   0.067454  Q10  =  -0.059170  Q11c =   0.023121  Q11s =   0.022677
|Q2| =   1.128364  Q20  =   0.483490  Q21c =  -0.596314  Q21s =   0.030621
                   Q22c =  -0.722278  Q22s =   0.401535

C          x = -4.492187  y = -0.737312  z =  1.812431 angstrom
           Maximum rank =  2   Radius =  0.650 angstrom
                   Q00  =   0.336024
|Q1| =   0.597778  Q10  =  -0.226294  Q11c =   0.540343  Q11s =   0.118992
|Q2| =   0.851446  Q20  =  -0.419113  Q21c =  -0.575571  Q21s =  -0.047573
                   Q22c =   0.403100  Q22s =   0.230802

C          x = -4.382211  y = -3.031454  z = -2.500330 angstrom
           Maximum rank =  2   Radius =  0.650 angstrom
                   Q00  =   0.332827
|Q1| =   0.587859  Q10  =   0.024138  Q11c =   0.422380  Q11s =   0.408155
|Q2| =   0.886272  Q20  =  -0.650742  Q21c =   0.052638  Q21s =   0.069131
                   Q22c =   0.023667  Q22s =   0.594897

C          x = -1.576730  y = -3.405747  z =  4.274824 angstrom
           Maximum rank =  2   Radius =  0.650 angstrom
                   Q00  =  -0.042133
|Q1| =   0.089991  Q10  =  -0.037019  Q11c =   0.036117  Q11s =   0.073645
|Q2| =   1.169098  Q20  =  -0.288988  Q21c =  -0.976837  Q21s =   0.099001
                   Q22c =  -0.483084  Q22s =   0.293077

C          x =  1.558539  y = -2.866555  z =  6.729479 angstrom
           Maximum rank =  2   Radius =  0.650 angstrom
                   Q00  =  -0.041271
|Q1| =   0.075074  Q10  =  -0.029950  Q11c =   0.025090  Q11s =   0.064106
|Q2| =   1.120390  Q20  =   0.322832  Q21c =  -0.514282  Q21s =   0.052947
                   Q22c =  -0.854141  Q22s =   0.392691

C          x = -3.665441  y = -1.776475  z =  1.373245 angstrom
           Maximum rank =  2   Radius =  0.650 angstrom
                   Q00  =   0.341812
|Q1| =   0.609371  Q10  =  -0.089099  Q11c =   0.211163  Q11s =   0.564628
|Q2| =   0.806059  Q20  =  -0.474492  Q21c =  -0.225025  Q21s =   0.065676
                   Q22c =  -0.487466  Q22s =   0.363341

C          x = -3.041041  y = -3.429081  z = -2.497964 angstrom
           Maximum rank =  2   Radius =  0.650 angstrom
                   Q00  =   0.331113
|Q1| =   0.592746  Q10  =   0.016198  Q11c =  -0.132484  Q11s =   0.577524
|Q2| =   0.888868  Q20  =  -0.655034  Q21c =  -0.007977  Q21s =   0.090957
                   Q22c =  -0.535084  Q22s =  -0.257614

C          x = -0.663898  y = -3.781292  z =  3.283660 angstrom
           Maximum rank =  2   Radius =  0.650 angstrom
                   Q00  =  -0.051164
|Q1| =   0.093136  Q10  =   0.009566  Q11c =  -0.006456  Q11s =   0.092418
|Q2| =   1.201943  Q20  =  -0.332106  Q21c =  -0.945936  Q21s =   0.230062
                   Q22c =  -0.595193  Q22s =   0.179983

C          x = -2.018319  y = -2.474526  z = -2.451045 angstrom
           Maximum rank =  2   Radius =  0.650 angstrom
                   Q00  =   0.316867
|Q1| =   0.630851  Q10  =  -0.019670  Q11c =  -0.582638  Q11s =   0.241079
|Q2| =   0.890505  Q20  =  -0.765538  Q21c =  -0.046101  Q21s =   0.086305
                   Q22c =   0.336842  Q22s =  -0.289682

C          x =  0.152358  y = -2.821521  z =  2.673476 angstrom
           Maximum rank =  2   Radius =  0.650 angstrom
                   Q00  =  -0.074731
|Q1| =   0.150804  Q10  =   0.070269  Q11c =  -0.082078  Q11s =   0.105201
|Q2| =   1.263366  Q20  =  -0.320972  Q21c =  -1.050788  Q21s =   0.256584
                   Q22c =  -0.545709  Q22s =   0.159000

C          x =  2.087007  y = -2.449533  z =  5.503357 angstrom
           Maximum rank =  2   Radius =  0.650 angstrom
                   Q00  =  -0.044386
|Q1| =   0.106939  Q10  =   0.024151  Q11c =  -0.007180  Q11s =   0.103928
|Q2| =   1.108454  Q20  =   0.382088  Q21c =  -0.501613  Q21s =   0.144747
                   Q22c =  -0.836685  Q22s =   0.331769

C          x = -2.395601  y = -1.505591  z =  0.855138 angstrom
           Maximum rank =  2   Radius =  0.650 angstrom
                   Q00  =   0.348450
|Q1| =   0.607400  Q10  =   0.088244  Q11c =  -0.345816  Q11s =   0.491486
|Q2| =   0.686738  Q20  =  -0.320856  Q21c =  -0.310989  Q21s =   0.383094
                   Q22c =  -0.180821  Q22s =  -0.304121

H          x = -0.978620  y = -2.795833  z = -2.454930 angstrom
           Maximum rank =  2   Radius =  0.350 angstrom
                   Q00  =   0.074434
|Q1| =   0.138728  Q10  =   0.016510  Q11c =  -0.122048  Q11s =   0.063853
|Q2| =   0.113745  Q20  =  -0.085006  Q21c =   0.016223  Q21s =   0.010494
                   Q22c =   0.064479  Q22s =  -0.034368

H          x =  0.858268  y = -3.125713  z =  1.902578 angstrom
           Maximum rank =  2   Radius =  0.350 angstrom
                   Q00  =   0.064585
|Q1| =   0.130129  Q10  =   0.080475  Q11c =  -0.080587  Q11s =   0.062952
|Q2| =   0.103956  Q20  =   0.021729  Q21c =  -0.096550  Q21s =   0.024917
                   Q22c =   0.015276  Q22s =  -0.012595

H          x = -1.768845  y = -2.323451  z =  0.518259 angstrom
           Maximum rank =  2   Radius =  0.350 angstrom
                   Q00  =   0.110788
|Q1| =   0.122292  Q10  =   0.016043  Q11c =  -0.067391  Q11s =   0.100779
|Q2| =   0.072111  Q20  =   0.010802  Q21c =   0.013948  Q21s =   0.041778
                   Q22c =  -0.014657  Q22s =  -0.054116

H          x =  2.199906  y = -3.165380  z =  4.695109 angstrom
           Maximum rank =  2   Radius =  0.350 angstrom
                   Q00  =   0.073712
|Q1| =   0.120877  Q10  =   0.056402  Q11c =  -0.045609  Q11s =   0.096694
|Q2| =   0.124230  Q20  =   0.063465  Q21c =   0.010895  Q21s =   0.091408
                   Q22c =  -0.048733  Q22s =   0.023587

H          x =  1.266862  y = -3.904830  z =  6.861994 angstrom
           Maximum rank =  2   Radius =  0.350 angstrom
                   Q00  =   0.051865
|Q1| =   0.121173  Q10  =  -0.031683  Q11c =   0.016989  Q11s =   0.115717
|Q2| =   0.148456  Q20  =  -0.033845  Q21c =  -0.015378  Q21s =  -0.013473
                   Q22c =  -0.120668  Q22s =   0.076909

H          x = -4.009940  y = -2.804829  z =  1.433186 angstrom
           Maximum rank =  2   Radius =  0.350 angstrom
                   Q00  =   0.081071
|Q1| =   0.129861  Q10  =  -0.024033  Q11c =   0.054449  Q11s =   0.115419
|Q2| =   0.100935  Q20  =  -0.043482  Q21c =  -0.005564  Q21s =   0.002734
                   Q22c =  -0.077643  Q22s =   0.047227

H          x = -2.791015  y = -4.486188  z = -2.536310 angstrom
           Maximum rank =  2   Radius =  0.350 angstrom
                   Q00  =   0.061001
|Q1| =   0.131164  Q10  =   0.011785  Q11c =  -0.026190  Q11s =   0.127981
|Q2| =   0.144285  Q20  =  -0.100287  Q21c =   0.003943  Q21s =   0.009825
                   Q22c =  -0.091687  Q22s =  -0.047352

H          x = -0.588539  y = -4.823668  z =  2.984473 angstrom
           Maximum rank =  2   Radius =  0.350 angstrom
                   Q00  =   0.049772
|Q1| =   0.123428  Q10  =   0.026340  Q11c =  -0.009052  Q11s =   0.120245
|Q2| =   0.142941  Q20  =  -0.051418  Q21c =  -0.036639  Q21s =   0.061780
                   Q22c =  -0.112169  Q22s =  -0.006880

H          x =  0.987155  y = -2.297749  z =  8.729231 angstrom
           Maximum rank =  2   Radius =  0.350 angstrom
                   Q00  =   0.044710
|Q1| =   0.121215  Q10  =  -0.107812  Q11c =   0.038879  Q11s =   0.039472
|Q2| =   0.164278  Q20  =   0.102317  Q21c =  -0.100750  Q21s =  -0.052159
                   Q22c =  -0.034904  Q22s =   0.049285

H          x = -5.477028  y = -0.963429  z =  2.213417 angstrom
           Maximum rank =  2   Radius =  0.350 angstrom
                   Q00  =   0.064772
|Q1| =   0.132810  Q10  =  -0.051644  Q11c =   0.119437  Q11s =   0.026574
|Q2| =   0.129404  Q20  =  -0.056754  Q21c =  -0.083869  Q21s =  -0.010505
                   Q22c =   0.069917  Q22s =   0.038618

H          x = -5.167188  y = -3.782396  z = -2.536623 angstrom
           Maximum rank =  2   Radius =  0.350 angstrom
                   Q00  =   0.061217
|Q1| =   0.130656  Q10  =   0.010701  Q11c =   0.091961  Q11s =   0.092193
|Q2| =   0.146309  Q20  =  -0.101645  Q21c =   0.004939  Q21s =   0.008114
                   Q22c =   0.005135  Q22s =   0.104681

H          x = -2.206417  y = -4.159124  z =  4.741209 angstrom
           Maximum rank =  2   Radius =  0.350 angstrom
                   Q00  =   0.050414
|Q1| =   0.122701  Q10  =  -0.053088  Q11c =   0.066143  Q11s =   0.088670
|Q2| =   0.144471  Q20  =  -0.035644  Q21c =  -0.084564  Q21s =  -0.056288
                   Q22c =  -0.030128  Q22s =   0.091511

H          x =  1.671075  y =  0.075325  z =  8.452730 angstrom
           Maximum rank =  2   Radius =  0.350 angstrom
                   Q00  =   0.053808
|Q1| =   0.124452  Q10  =  -0.107213  Q11c =   0.011658  Q11s =  -0.062112
|Q2| =   0.148392  Q20  =   0.057176  Q21c =  -0.045364  Q21s =   0.093404
                   Q22c =  -0.088063  Q22s =   0.014629

H          x = -4.706244  y =  1.395518  z =  2.075164 angstrom
           Maximum rank =  2   Radius =  0.350 angstrom
                   Q00  =   0.079194
|Q1| =   0.136605  Q10  =  -0.052414  Q11c =   0.097148  Q11s =  -0.080473
|Q2| =   0.107177  Q20  =  -0.059408  Q21c =  -0.048398  Q21s =   0.035418
                   Q22c =  -0.028003  Q22s =  -0.059806

H          x = -5.763694  y = -1.372264  z = -2.478039 angstrom
           Maximum rank =  2   Radius =  0.350 angstrom
                   Q00  =   0.076698
|Q1| =   0.135439  Q10  =   0.012993  Q11c =   0.134231  Q11s =  -0.012535
|Q2| =   0.119926  Q20  =  -0.093909  Q21c =   0.002212  Q21s =   0.004790
                   Q22c =   0.059135  Q22s =  -0.045151

H          x = -2.393567  y = -1.784694  z =  5.443667 angstrom
           Maximum rank =  2   Radius =  0.350 angstrom
                   Q00  =   0.066442
|Q1| =   0.125838  Q10  =  -0.094780  Q11c =   0.082227  Q11s =  -0.009522
|Q2| =   0.113441  Q20  =   0.015449  Q21c =  -0.101973  Q21s =   0.037772
                   Q22c =   0.010642  Q22s =  -0.026301

C          x =  4.505001  y = -1.073912  z =  3.908831 angstrom
           Maximum rank =  2   Radius =  0.650 angstrom
                   Q00  =   0.003519
|Q1| =   0.065252  Q10  =   0.040899  Q11c =  -0.041217  Q11s =   0.029769
|Q2| =   0.159895  Q20  =  -0.068124  Q21c =  -0.089383  Q21s =   0.023593
                   Q22c =   0.056920  Q22s =  -0.095602

H          x =  5.112306  y = -0.997714  z =  4.815914 angstrom
           Maximum rank =  2   Radius =  0.350 angstrom
                   Q00  =   0.048387
|Q1| =   0.130167  Q10  =  -0.060605  Q11c =  -0.112712  Q11s =   0.023802
|Q2| =   0.139810  Q20  =   0.084600  Q21c =   0.099413  Q21s =   0.032085
                   Q22c =   0.038391  Q22s =  -0.001889

H          x =  5.039817  y = -0.568413  z =  3.095846 angstrom
           Maximum rank =  2   Radius =  0.350 angstrom
                   Q00  =   0.032414
|Q1| =   0.137224  Q10  =   0.088332  Q11c =  -0.103098  Q11s =  -0.019969
|Q2| =   0.139434  Q20  =   0.034831  Q21c =  -0.090697  Q21s =  -0.090878
                   Q22c =   0.003001  Q22s =   0.041652

H          x =  4.410517  y = -2.133907  z =  3.646857 angstrom
           Maximum rank =  2   Radius =  0.350 angstrom
                   Q00  =   0.034358
|Q1| =   0.135185  Q10  =   0.040043  Q11c =  -0.047876  Q11s =   0.119914
|Q2| =   0.142252  Q20  =  -0.076323  Q21c =  -0.003111  Q21s =   0.054825
                   Q22c =  -0.103048  Q22s =   0.027859

C          x = -0.342266  y =  0.047680  z = -1.264756 angstrom
           Maximum rank =  2   Radius =  0.650 angstrom
                   Q00  =   0.057116
|Q1| =   0.177433  Q10  =   0.045719  Q11c =  -0.163854  Q11s =   0.050439
|Q2| =   0.270058  Q20  =   0.133508  Q21c =   0.059172  Q21s =   0.173703
                   Q22c =   0.139356  Q22s =  -0.044864

C          x =  2.375432  y = -0.487660  z =  2.748072 angstrom
           Maximum rank =  2   Radius =  0.650 angstrom
                   Q00  =  -0.008270
|Q1| =   0.035233  Q10  =   0.021725  Q11c =  -0.026400  Q11s =   0.008512
|Q2| =   0.247585  Q20  =  -0.031388  Q21c =   0.198667  Q21s =   0.020968
                   Q22c =   0.140671  Q22s =   0.024831

C          x =  0.670376  y = -0.119503  z =  0.989514 angstrom
           Maximum rank =  2   Radius =  0.650 angstrom
                   Q00  =   0.029496
|Q1| =   0.133070  Q10  =   0.026277  Q11c =  -0.118784  Q11s =   0.053921
|Q2| =   0.272368  Q20  =   0.055399  Q21c =   0.123074  Q21s =  -0.105572
                   Q22c =   0.083265  Q22s =  -0.194652

C          x = -0.636414  y =  0.114402  z = -3.741764 angstrom
           Maximum rank =  2   Radius =  0.650 angstrom
                   Q00  =   0.059947
|Q1| =   0.199958  Q10  =   0.070750  Q11c =  -0.186979  Q11s =  -0.004034
|Q2| =   0.314452  Q20  =  -0.041897  Q21c =  -0.207287  Q21s =  -0.007261
                   Q22c =   0.232513  Q22s =   0.006466

H          x =  0.056764  y = -0.733145  z = -3.803054 angstrom
           Maximum rank =  2   Radius =  0.350 angstrom
                   Q00  =   0.042121
|Q1| =   0.143138  Q10  =   0.057001  Q11c =  -0.109376  Q11s =   0.072636
|Q2| =   0.127710  Q20  =  -0.061530  Q21c =  -0.017468  Q21s =   0.001466
                   Q22c =  -0.025606  Q22s =  -0.107522

H          x = -0.054056  y =  1.038144  z = -3.834922 angstrom
           Maximum rank =  2   Radius =  0.350 angstrom
                   Q00  =   0.045345
|Q1| =   0.141448  Q10  =   0.061733  Q11c =  -0.101884  Q11s =  -0.076263
|Q2| =   0.131255  Q20  =  -0.063202  Q21c =  -0.021392  Q21s =  -0.000706
                   Q22c =  -0.058498  Q22s =   0.096713

H          x = -1.323824  y =  0.055186  z = -4.591085 angstrom
           Maximum rank =  2   Radius =  0.350 angstrom
                   Q00  =   0.108739
|Q1| =   0.160510  Q10  =   0.149017  Q11c =  -0.059592  Q11s =   0.002459
|Q2| =   0.151816  Q20  =  -0.002055  Q21c =   0.093332  Q21s =   0.008357
                   Q22c =   0.118579  Q22s =   0.014225

Ac         x = -3.525173  y =  2.110034  z = -2.481244 angstrom
           Maximum rank =  2   Radius =  0.650 angstrom
                   Q00  =  -0.963059
|Q1| =   0.040371  Q10  =   0.006042  Q11c =   0.017412  Q11s =  -0.035918
|Q2| =   0.466154  Q20  =   0.462690  Q21c =  -0.010847  Q21s =   0.040006
                   Q22c =  -0.029808  Q22s =  -0.024709

A1         x = -3.547022  y =  2.162013  z = -1.482835 angstrom
           Maximum rank =  2   Radius =  0.650 angstrom
                   Q00  =  -0.626054
|Q1| =   0.137962  Q10  =  -0.010259  Q11c =   0.097686  Q11s =  -0.096879
|Q2| =   0.558885  Q20  =   0.532213  Q21c =   0.156068  Q21s =  -0.040398
                   Q22c =  -0.049779  Q22s =  -0.025186

A-1        x = -3.503324  y =  2.058054  z = -3.479653 angstrom
           Maximum rank =  2   Radius =  0.650 angstrom
                   Q00  =  -0.612917
|Q1| =   0.108639  Q10  =  -0.004745  Q11c =   0.035263  Q11s =  -0.102647
|Q2| =   0.652418  Q20  =   0.623580  Q21c =  -0.022366  Q21s =   0.115255
                   Q22c =  -0.125356  Q22s =  -0.085433

Bc         x = -2.730399  y =  0.044261  z = -2.408337 angstrom
           Maximum rank =  2   Radius =  0.650 angstrom
                   Q00  =  -1.105963
|Q1| =   0.021577  Q10  =   0.001272  Q11c =  -0.021520  Q11s =   0.000925
|Q2| =   0.392928  Q20  =   0.387027  Q21c =  -0.008314  Q21s =   0.002144
                   Q22c =  -0.067235  Q22s =  -0.002899

B1         x = -2.741559  y =  0.044193  z = -1.408400 angstrom
           Maximum rank =  2   Radius =  0.650 angstrom
                   Q00  =  -0.630587
|Q1| =   0.075833  Q10  =   0.030291  Q11c =  -0.026149  Q11s =   0.064415
|Q2| =   0.507144  Q20  =   0.455207  Q21c =  -0.058668  Q21s =   0.128686
                   Q22c =  -0.100715  Q22s =   0.140839

B-1        x = -2.719239  y =  0.044328  z = -3.408275 angstrom
           Maximum rank =  2   Radius =  0.650 angstrom
                   Q00  =  -0.685732
|Q1| =   0.163389  Q10  =   0.084521  Q11c =  -0.139822  Q11s =  -0.001397
|Q2| =   0.486134  Q20  =   0.337685  Q21c =   0.275273  Q21s =   0.004313
                   Q22c =  -0.215229  Q22s =  -0.013337

Cc         x = -3.368448  y = -2.077114  z = -2.455931 angstrom
           Maximum rank =  2   Radius =  0.650 angstrom
                   Q00  =  -0.965495
|Q1| =   0.039087  Q10  =   0.003232  Q11c =   0.011209  Q11s =   0.037305
|Q2| =   0.467337  Q20  =   0.464849  Q21c =  -0.012612  Q21s =  -0.023945
                   Q22c =  -0.033595  Q22s =   0.021395

C1         x = -3.385006  y = -2.110780  z = -1.456635 angstrom
           Maximum rank =  2   Radius =  0.650 angstrom
                   Q00  =  -0.690462
|Q1| =   0.182110  Q10  =  -0.117801  Q11c =   0.000193  Q11s =   0.138877
|Q2| =   0.555881  Q20  =   0.490418  Q21c =  -0.057888  Q21s =   0.191389
                   Q22c =  -0.158162  Q22s =   0.059145

C-1        x = -3.351889  y = -2.043448  z = -3.455226 angstrom
           Maximum rank =  2   Radius =  0.650 angstrom
                   Q00  =  -0.614712
|Q1| =   0.107195  Q10  =  -0.006275  Q11c =   0.023528  Q11s =   0.104393
|Q2| =   0.655488  Q20  =   0.630850  Q21c =  -0.010564  Q21s =  -0.095746
                   Q22c =  -0.134633  Q22s =   0.065482

Dc         x = -1.248057  y =  3.185664  z =  0.705956 angstrom
           Maximum rank =  2   Radius =  0.650 angstrom
                   Q00  =  -0.964803
|Q1| =   0.039374  Q10  =   0.000210  Q11c =  -0.007460  Q11s =  -0.038661
|Q2| =   0.467208  Q20  =   0.346113  Q21c =   0.309058  Q21s =  -0.045102
                   Q22c =   0.030292  Q22s =  -0.004480

D1         x = -0.849200  y =  3.127877  z =  1.621147 angstrom
           Maximum rank =  2   Radius =  0.650 angstrom
                   Q00  =  -0.732188
|Q1| =   0.238804  Q10  =  -0.176635  Q11c =  -0.127742  Q11s =  -0.097518
|Q2| =   0.446297  Q20  =   0.290653  Q21c =   0.255646  Q21s =  -0.178329
                   Q22c =  -0.132416  Q22s =   0.003345

D-1        x = -1.646914  y =  3.243452  z = -0.209234 angstrom
           Maximum rank =  2   Radius =  0.650 angstrom
                   Q00  =  -0.713130
|Q1| =   0.215258  Q10  =   0.167204  Q11c =  -0.017788  Q11s =  -0.134396
|Q2| =   0.559519  Q20  =   0.219208  Q21c =   0.486942  Q21s =   0.093271
                   Q22c =   0.016528  Q22s =   0.137564

Ec         x = -1.667207  y =  1.010046  z =  0.741925 angstrom
           Maximum rank =  2   Radius =  0.650 angstrom
                   Q00  =  -1.105207
|Q1| =   0.021535  Q10  =   0.006235  Q11c =  -0.018384  Q11s =   0.009324
|Q2| =   0.392898  Q20  =   0.286457  Q21c =   0.259244  Q21s =  -0.058364
                   Q22c =   0.019190  Q22s =   0.036463

E1         x = -1.271578  y =  0.944263  z =  1.657977 angstrom
           Maximum rank =  2   Radius =  0.650 angstrom
                   Q00  =  -0.729578
|Q1| =   0.167100  Q10  =  -0.131443  Q11c =  -0.101760  Q11s =   0.017029
|Q2| =   0.304443  Q20  =   0.188564  Q21c =   0.189364  Q21s =  -0.098677
                   Q22c =  -0.051955  Q22s =   0.093991

E-1        x = -2.062835  y =  1.075828  z = -0.174127 angstrom
           Maximum rank =  2   Radius =  0.650 angstrom
                   Q00  =  -0.654944
|Q1| =   0.084499  Q10  =   0.027130  Q11c =  -0.070208  Q11s =  -0.038404
|Q2| =   0.497583  Q20  =   0.229112  Q21c =   0.433543  Q21s =   0.048041
                   Q22c =  -0.031318  Q22s =   0.062033

Fc         x = -3.227566  y = -0.460499  z =  1.295962 angstrom
           Maximum rank =  2   Radius =  0.650 angstrom
                   Q00  =  -0.961830
|Q1| =   0.040845  Q10  =  -0.013164  Q11c =   0.030145  Q11s =   0.024214
|Q2| =   0.466072  Q20  =   0.355530  Q21c =   0.286612  Q21s =  -0.069630
                   Q22c =   0.060826  Q22s =   0.011238

F1         x = -2.837337  y = -0.535868  z =  2.213590 angstrom
           Maximum rank =  2   Radius =  0.650 angstrom
                   Q00  =  -0.678470
|Q1| =   0.164013  Q10  =  -0.131638  Q11c =   0.026530  Q11s =   0.094168
|Q2| =   0.490698  Q20  =   0.308204  Q21c =   0.340789  Q21s =  -0.020310
                   Q22c =   0.109426  Q22s =   0.131419

F-1        x = -3.617796  y = -0.385129  z =  0.378334 angstrom
           Maximum rank =  2   Radius =  0.650 angstrom
                   Q00  =  -0.623199
|Q1| =   0.145260  Q10  =  -0.049813  Q11c =   0.129342  Q11s =   0.043472
|Q2| =   0.598549  Q20  =   0.548662  Q21c =   0.207714  Q21s =  -0.098284
                   Q22c =  -0.016440  Q22s =   0.064464

Total multipoles referred to origin at
           x =   0.000000,  y =    0.000000,  z =    0.000000 angstrom
                   Q00  =   0.000200
|Q1| =   0.220189  Q10  =  -0.126558  Q11c =   0.173290  Q11s =  -0.049367
|Q2| =  25.716727  Q20  = -14.864131  Q21c = -18.131835  Q21s =   2.948138
                   Q22c =  -9.275962  Q22s =   4.112081

CPU time used:     64m46.438s          Total:     64m46.438s

Finished at 07:53:06 on 11 Nov 2025 
