                                     G D M A
                                 by Anthony Stone

               Distributed Multipoles from Gaussian wavefunctions

                             version 2.3.3 (6b8e81e)
              Compiled with gfortran on 31 October 2025 at 08:42:00

Starting at 18:40:00 on 10 Nov 2025 


Using SCF density matrix from file f3.fchk


                         Distributed Multipole Analysis

Standard DMA for products of primitives with exponent greater than 4.00000
Using 80-point Euler-MacLaurin radial quadrature
Using 590-point Lebedev quadrature
Becke smoothing parameter = 3

Positions and radii in angstrom
Multipole moments in atomic units, ea_0^k for rank k

C          x =  0.017447  y = -0.594552  z =  0.270012 angstrom
           Maximum rank =  2   Radius =  0.650 angstrom
                   Q00  =   0.343772
|Q1| =   0.719589  Q10  =   0.264428  Q11c =  -0.011464  Q11s =  -0.669145
|Q2| =   0.597659  Q20  =   0.152250  Q21c =  -0.160186  Q21s =  -0.148383
                   Q22c =  -0.534722  Q22s =  -0.020272

C          x = -0.688562  y =  0.956600  z =  2.458117 angstrom
           Maximum rank =  2   Radius =  0.650 angstrom
                   Q00  =  -0.039110
|Q1| =   0.181725  Q10  =   0.028998  Q11c =  -0.068982  Q11s =  -0.165604
|Q2| =   0.152858  Q20  =   0.012216  Q21c =  -0.133221  Q21s =  -0.011576
                   Q22c =  -0.070591  Q22s =   0.018742

H          x =  0.934575  y =  1.185795  z =  1.045319 angstrom
           Maximum rank =  2   Radius =  0.350 angstrom
                   Q00  =   0.062674
|Q1| =   0.153828  Q10  =   0.011347  Q11c =  -0.113975  Q11s =  -0.102685
|Q2| =   0.094312  Q20  =  -0.040003  Q21c =  -0.033429  Q21s =   0.048353
                   Q22c =   0.061700  Q22s =   0.005661

H          x = -0.654139  y =  1.469796  z =  0.385621 angstrom
           Maximum rank =  2   Radius =  0.350 angstrom
                   Q00  =   0.055827
|Q1| =   0.157566  Q10  =   0.083124  Q11c =   0.046048  Q11s =  -0.125686
|Q2| =   0.090217  Q20  =   0.045427  Q21c =   0.008699  Q21s =  -0.010751
                   Q22c =   0.001183  Q22s =  -0.076700

C          x =  0.765627  y = -1.109558  z = -2.349729 angstrom
           Maximum rank =  2   Radius =  0.650 angstrom
                   Q00  =   0.331886
|Q1| =   0.725603  Q10  =   0.065387  Q11c =   0.396239  Q11s =  -0.604333
|Q2| =   0.594180  Q20  =   0.108897  Q21c =  -0.093560  Q21s =   0.039598
                   Q22c =  -0.212991  Q22s =  -0.534326

H          x = -0.526132  y =  3.138361  z =  2.247898 angstrom
           Maximum rank =  2   Radius =  0.350 angstrom
                   Q00  =   0.033552
|Q1| =   0.137838  Q10  =   0.049122  Q11c =   0.007250  Q11s =  -0.128584
|Q2| =   0.136724  Q20  =   0.014720  Q21c =   0.054565  Q21s =  -0.103240
                   Q22c =  -0.057163  Q22s =  -0.039666

H          x = -0.809082  y =  0.152262  z = -1.566263 angstrom
           Maximum rank =  2   Radius =  0.350 angstrom
                   Q00  =   0.064778
|Q1| =   0.156673  Q10  =   0.060441  Q11c =   0.111961  Q11s =  -0.091422
|Q2| =   0.086967  Q20  =   0.009286  Q21c =  -0.011506  Q21s =  -0.002509
                   Q22c =   0.078282  Q22s =  -0.034790

H          x =  0.859479  y =  2.391187  z =  3.067887 angstrom
           Maximum rank =  2   Radius =  0.350 angstrom
                   Q00  =   0.037405
|Q1| =   0.134937  Q10  =  -0.024811  Q11c =  -0.115178  Q11s =  -0.065775
|Q2| =   0.141973  Q20  =  -0.086038  Q21c =   0.027457  Q21s =   0.008470
                   Q22c =   0.108964  Q22s =  -0.007412

H          x = -0.681286  y =  2.586481  z =  3.927126 angstrom
           Maximum rank =  2   Radius =  0.350 angstrom
                   Q00  =   0.049044
|Q1| =   0.130648  Q10  =  -0.099046  Q11c =   0.014201  Q11s =  -0.084006
|Q2| =   0.139075  Q20  =   0.087479  Q21c =  -0.100826  Q21s =   0.037178
                   Q22c =   0.011888  Q22s =  -0.000127

H          x =  0.807397  y =  0.728195  z = -1.262597 angstrom
           Maximum rank =  2   Radius =  0.350 angstrom
                   Q00  =   0.061630
|Q1| =   0.159688  Q10  =   0.023056  Q11c =  -0.045905  Q11s =  -0.151200
|Q2| =   0.088880  Q20  =  -0.005233  Q21c =  -0.052309  Q21s =   0.040172
                   Q22c =  -0.007796  Q22s =   0.058834

C          x =  1.153122  y = -1.453773  z =  0.831222 angstrom
           Maximum rank =  2   Radius =  0.650 angstrom
                   Q00  =   0.743844
|Q1| =   0.653408  Q10  =   0.125613  Q11c =  -0.310611  Q11s =  -0.560967
|Q2| =   0.788823  Q20  =  -0.190223  Q21c =   0.239742  Q21s =  -0.061190
                   Q22c =   0.679667  Q22s =  -0.250779

C          x =  2.290586  y = -1.236535  z = -2.305501 angstrom
           Maximum rank =  2   Radius =  0.650 angstrom
                   Q00  =   0.723917
|Q1| =   0.685570  Q10  =   0.001985  Q11c =   0.079808  Q11s =  -0.680906
|Q2| =   0.858554  Q20  =  -0.385871  Q21c =  -0.008592  Q21s =  -0.006390
                   Q22c =   0.566721  Q22s =   0.516653

C          x = -0.334737  y = -0.087501  z =  3.519842 angstrom
           Maximum rank =  2   Radius =  0.650 angstrom
                   Q00  =   0.016926
|Q1| =   0.229271  Q10  =  -0.148862  Q11c =  -0.062371  Q11s =  -0.162835
|Q2| =   0.721129  Q20  =  -0.065457  Q21c =   0.090695  Q21s =  -0.563963
                   Q22c =   0.398055  Q22s =  -0.176108

C          x =  2.682026  y = -2.588501  z = -2.318734 angstrom
           Maximum rank =  2   Radius =  0.650 angstrom
                   Q00  =   0.740629
|Q1| =   0.648340  Q10  =   0.009131  Q11c =  -0.282779  Q11s =   0.583350
|Q2| =   0.825731  Q20  =  -0.369534  Q21c =   0.009071  Q21s =  -0.019389
                   Q22c =   0.670586  Q22s =   0.308435

C          x = -1.503928  y = -0.622860  z =  4.098151 angstrom
           Maximum rank =  2   Radius =  0.650 angstrom
                   Q00  =  -0.014568
|Q1| =   0.150101  Q10  =  -0.134727  Q11c =   0.061896  Q11s =   0.023404
|Q2| =   0.953362  Q20  =  -0.024175  Q21c =   0.086247  Q21s =  -0.865380
                   Q22c =   0.373233  Q22s =  -0.112652

C          x =  0.663710  y = -2.692784  z =  1.287216 angstrom
           Maximum rank =  2   Radius =  0.650 angstrom
                   Q00  =   0.749112
|Q1| =   0.649409  Q10  =  -0.242325  Q11c =   0.121791  Q11s =   0.590066
|Q2| =   0.814938  Q20  =  -0.262744  Q21c =   0.389527  Q21s =  -0.088182
                   Q22c =   0.505809  Q22s =  -0.423957

C          x = -0.783346  y = -2.737868  z =  1.056985 angstrom
           Maximum rank =  2   Radius =  0.650 angstrom
                   Q00  =   0.748392
|Q1| =   0.645913  Q10  =  -0.285067  Q11c =  -0.072334  Q11s =   0.575072
|Q2| =   0.816604  Q20  =  -0.392295  Q21c =  -0.017187  Q21s =   0.063748
                   Q22c =   0.504582  Q22s =   0.503970

C          x = -2.671320  y = -0.007127  z =  3.457706 angstrom
           Maximum rank =  2   Radius =  0.650 angstrom
                   Q00  =  -0.010732
|Q1| =   0.146709  Q10  =  -0.113849  Q11c =   0.091888  Q11s =  -0.010885
|Q2| =   0.910301  Q20  =  -0.295702  Q21c =  -0.028331  Q21s =  -0.644058
                   Q22c =   0.563709  Q22s =  -0.088473

C          x =  1.475033  y = -3.421610  z = -2.349729 angstrom
           Maximum rank =  2   Radius =  0.650 angstrom
                   Q00  =   0.744018
|Q1| =   0.652699  Q10  =  -0.002921  Q11c =  -0.449519  Q11s =   0.473224
|Q2| =   0.828958  Q20  =  -0.374446  Q21c =   0.041206  Q21s =   0.050277
                   Q22c =  -0.299922  Q22s =   0.672891

C          x = -2.217959  y =  0.908198  z =  2.489432 angstrom
           Maximum rank =  2   Radius =  0.650 angstrom
                   Q00  =  -0.053341
|Q1| =   0.129235  Q10  =   0.052428  Q11c =   0.012552  Q11s =  -0.117454
|Q2| =   1.068585  Q20  =  -0.338514  Q21c =   0.069310  Q21s =  -0.852439
                   Q22c =   0.512407  Q22s =  -0.182389

C          x =  0.343326  y = -2.580501  z = -2.349729 angstrom
           Maximum rank =  2   Radius =  0.650 angstrom
                   Q00  =   0.749526
|Q1| =   0.638268  Q10  =   0.076579  Q11c =   0.561876  Q11s =  -0.292945
|Q2| =   0.772094  Q20  =  -0.284464  Q21c =  -0.100428  Q21s =   0.132849
                   Q22c =  -0.038062  Q22s =   0.697155

C          x = -1.182938  y = -1.525043  z =  0.463531 angstrom
           Maximum rank =  2   Radius =  0.650 angstrom
                   Q00  =   0.726830
|Q1| =   0.674882  Q10  =   0.281476  Q11c =   0.295134  Q11s =  -0.537711
|Q2| =   0.834364  Q20  =  -0.403124  Q21c =   0.067579  Q21s =   0.077869
                   Q22c =   0.642305  Q22s =   0.332368

C          x = -2.515268  y = -1.327000  z =  0.114875 angstrom
           Maximum rank =  2   Radius =  0.650 angstrom
                   Q00  =   0.312966
|Q1| =   0.638875  Q10  =   0.292464  Q11c =   0.245876  Q11s =  -0.512026
|Q2| =   0.871033  Q20  =  -0.523847  Q21c =   0.263999  Q21s =  -0.564839
                   Q22c =  -0.239261  Q22s =  -0.195698

C          x = -0.930911  y = -3.130259  z = -2.446453 angstrom
           Maximum rank =  2   Radius =  0.650 angstrom
                   Q00  =   0.364822
|Q1| =   0.578470  Q10  =   0.127761  Q11c =   0.482083  Q11s =  -0.293088
|Q2| =   0.727053  Q20  =  -0.494857  Q21c =  -0.142881  Q21s =   0.155208
                   Q22c =   0.230871  Q22s =  -0.431180

C          x = -3.129264  y =  1.669049  z =  1.764773 angstrom
           Maximum rank =  2   Radius =  0.650 angstrom
                   Q00  =  -0.056044
|Q1| =   0.122844  Q10  =   0.097373  Q11c =   0.024867  Q11s =  -0.070646
|Q2| =   1.227010  Q20  =  -0.355683  Q21c =  -0.037254  Q21s =  -1.087756
                   Q22c =   0.428341  Q22s =  -0.104728

C          x = -3.448765  y = -2.336592  z =  0.373475 angstrom
           Maximum rank =  2   Radius =  0.650 angstrom
                   Q00  =   0.329194
|Q1| =   0.606770  Q10  =   0.144306  Q11c =   0.584539  Q11s =  -0.075233
|Q2| =   0.881143  Q20  =  -0.523274  Q21c =   0.371291  Q21s =  -0.234056
                   Q22c =   0.548141  Q22s =  -0.097465

C          x = -4.499586  y =  1.495436  z =  1.992414 angstrom
           Maximum rank =  2   Radius =  0.650 angstrom
                   Q00  =  -0.042846
|Q1| =   0.073023  Q10  =   0.037690  Q11c =   0.055628  Q11s =  -0.028588
|Q2| =   1.155824  Q20  =  -0.312034  Q21c =   0.036226  Q21s =  -0.986041
                   Q22c =   0.483245  Q22s =  -0.177339

C          x = -1.073432  y = -4.520565  z = -2.507830 angstrom
           Maximum rank =  2   Radius =  0.650 angstrom
                   Q00  =   0.344024
|Q1| =   0.592977  Q10  =   0.061284  Q11c =   0.525575  Q11s =   0.267652
|Q2| =   0.832348  Q20  =  -0.603049  Q21c =   0.048408  Q21s =   0.130776
                   Q22c =   0.399077  Q22s =   0.387849

C          x = -4.948909  y =  0.573404  z =  2.943705 angstrom
           Maximum rank =  2   Radius =  0.650 angstrom
                   Q00  =  -0.039679
|Q1| =   0.070355  Q10  =  -0.001230  Q11c =   0.070277  Q11s =   0.003091
|Q2| =   1.145073  Q20  =  -0.335919  Q21c =  -0.105532  Q21s =  -0.904922
                   Q22c =   0.604709  Q22s =  -0.051531

C          x =  0.050081  y = -5.353576  z = -2.486362 angstrom
           Maximum rank =  2   Radius =  0.650 angstrom
                   Q00  =   0.334293
|Q1| =   0.588329  Q10  =   0.036940  Q11c =   0.064580  Q11s =   0.583606
|Q2| =   0.874449  Q20  =  -0.639452  Q21c =   0.023074  Q21s =   0.100311
                   Q22c =  -0.571864  Q22s =   0.134682

C          x = -3.049155  y = -3.537822  z =  0.968553 angstrom
           Maximum rank =  2   Radius =  0.650 angstrom
                   Q00  =   0.333686
|Q1| =   0.594601  Q10  =  -0.101753  Q11c =   0.402605  Q11s =   0.425566
|Q2| =   0.872107  Q20  =  -0.535540  Q21c =  -0.070854  Q21s =  -0.340545
                   Q22c =   0.008358  Q22s =   0.593891

C          x = -1.712782  y = -3.746806  z =  1.313535 angstrom
           Maximum rank =  2   Radius =  0.650 angstrom
                   Q00  =   0.343535
|Q1| =   0.608680  Q10  =  -0.259672  Q11c =  -0.084491  Q11s =   0.543988
|Q2| =   0.800229  Q20  =  -0.428786  Q21c =   0.190074  Q21s =  -0.578955
                   Q22c =  -0.237540  Q22s =  -0.169606

C          x =  1.333135  y = -4.809221  z = -2.412181 angstrom
           Maximum rank =  2   Radius =  0.650 angstrom
                   Q00  =   0.341584
|Q1| =   0.600139  Q10  =   0.002994  Q11c =  -0.425791  Q11s =   0.422919
|Q2| =   0.824882  Q20  =  -0.689232  Q21c =   0.016045  Q21s =   0.056720
                   Q22c =   0.121026  Q22s =  -0.432744

C          x = -4.037600  y = -0.181068  z =  3.685872 angstrom
           Maximum rank =  2   Radius =  0.650 angstrom
                   Q00  =  -0.022436
|Q1| =   0.112994  Q10  =  -0.050007  Q11c =   0.098386  Q11s =   0.024233
|Q2| =   1.074005  Q20  =  -0.206842  Q21c =  -0.126226  Q21s =  -0.928441
                   Q22c =   0.479554  Q22s =  -0.052874

H          x = -4.391218  y = -0.889965  z =  4.430312 angstrom
           Maximum rank =  2   Radius =  0.350 angstrom
                   Q00  =   0.058291
|Q1| =   0.125113  Q10  =  -0.089267  Q11c =   0.059914  Q11s =   0.063992
|Q2| =   0.139480  Q20  =   0.006464  Q21c =  -0.040207  Q21s =  -0.130544
                   Q22c =  -0.002855  Q22s =   0.027319

H          x =  2.205729  y = -5.457673  z = -2.410238 angstrom
           Maximum rank =  2   Radius =  0.350 angstrom
                   Q00  =   0.074761
|Q1| =   0.135998  Q10  =   0.009933  Q11c =  -0.091793  Q11s =   0.099854
|Q2| =   0.122921  Q20  =  -0.097239  Q21c =   0.006862  Q21s =   0.005128
                   Q22c =   0.027817  Q22s =  -0.069332

H          x = -1.403452  y = -4.684296  z =  1.768381 angstrom
           Maximum rank =  2   Radius =  0.350 angstrom
                   Q00  =   0.080540
|Q1| =   0.135652  Q10  =  -0.059927  Q11c =  -0.010843  Q11s =   0.121213
|Q2| =   0.106290  Q20  =  -0.047470  Q21c =   0.027964  Q21s =  -0.073354
                   Q22c =  -0.038606  Q22s =  -0.037295

H          x = -3.784782  y = -4.313904  z =  1.164092 angstrom
           Maximum rank =  2   Radius =  0.350 angstrom
                   Q00  =   0.063558
|Q1| =   0.131656  Q10  =  -0.023029  Q11c =   0.090851  Q11s =   0.092461
|Q2| =   0.135480  Q20  =  -0.079821  Q21c =  -0.018975  Q21s =  -0.044329
                   Q22c =  -0.002232  Q22s =   0.098252

H          x = -0.076658  y = -6.432102  z = -2.534078 angstrom
           Maximum rank =  2   Radius =  0.350 angstrom
                   Q00  =   0.061658
|Q1| =   0.131260  Q10  =   0.013247  Q11c =   0.015103  Q11s =   0.129713
|Q2| =   0.144247  Q20  =  -0.101588  Q21c =   0.000685  Q21s =   0.012129
                   Q22c =  -0.098823  Q22s =   0.023951

H          x = -6.015529  y =  0.448493  z =  3.111501 angstrom
           Maximum rank =  2   Radius =  0.350 angstrom
                   Q00  =   0.045532
|Q1| =   0.120843  Q10  =  -0.021877  Q11c =   0.118693  Q11s =   0.006042
|Q2| =   0.164347  Q20  =  -0.075026  Q21c =  -0.037484  Q21s =  -0.052588
                   Q22c =   0.129342  Q22s =   0.021931

H          x = -4.492973  y = -2.181379  z =  0.115929 angstrom
           Maximum rank =  2   Radius =  0.350 angstrom
                   Q00  =   0.068554
|Q1| =   0.130583  Q10  =   0.036602  Q11c =   0.125222  Q11s =  -0.005619
|Q2| =   0.125862  Q20  =  -0.072068  Q21c =   0.048437  Q21s =  -0.014716
                   Q22c =   0.084236  Q22s =  -0.031448

H          x = -5.218946  y =  2.084418  z =  1.429290 angstrom
           Maximum rank =  2   Radius =  0.350 angstrom
                   Q00  =   0.045167
|Q1| =   0.121367  Q10  =   0.055255  Q11c =   0.082800  Q11s =  -0.069433
|Q2| =   0.163519  Q20  =  -0.025018  Q21c =   0.070179  Q21s =  -0.111709
                   Q22c =   0.041308  Q22s =  -0.083678

H          x = -2.067391  y = -4.955259  z = -2.568342 angstrom
           Maximum rank =  2   Radius =  0.350 angstrom
                   Q00  =   0.072264
|Q1| =   0.131116  Q10  =   0.030600  Q11c =   0.109587  Q11s =   0.065159
|Q2| =   0.127751  Q20  =  -0.082982  Q21c =  -0.007842  Q21s =   0.023863
                   Q22c =   0.071252  Q22s =   0.061045

H          x = -2.843612  y = -0.395819  z = -0.338136 angstrom
           Maximum rank =  2   Radius =  0.350 angstrom
                   Q00  =   0.088759
|Q1| =   0.131201  Q10  =   0.073991  Q11c =   0.055460  Q11s =  -0.093075
|Q2| =   0.091650  Q20  =  -0.041389  Q21c =   0.002009  Q21s =  -0.035488
                   Q22c =  -0.054326  Q22s =  -0.049718

H          x = -2.791131  y =  2.393721  z =  1.026717 angstrom
           Maximum rank =  2   Radius =  0.350 angstrom
                   Q00  =   0.058786
|Q1| =   0.128256  Q10  =   0.077604  Q11c =  -0.013930  Q11s =  -0.101160
|Q2| =   0.131956  Q20  =   0.004203  Q21c =  -0.054197  Q21s =  -0.117553
                   Q22c =   0.004183  Q22s =   0.024922

H          x = -1.812764  y = -2.497154  z = -2.455779 angstrom
           Maximum rank =  2   Radius =  0.350 angstrom
                   Q00  =   0.109818
|Q1| =   0.133722  Q10  =   0.071809  Q11c =   0.096913  Q11s =  -0.057732
|Q2| =   0.114426  Q20  =  -0.031945  Q21c =  -0.065242  Q21s =   0.030875
                   Q22c =   0.039815  Q22s =  -0.072648

C          x =  1.523111  y = -3.632636  z =  1.857823 angstrom
           Maximum rank =  2   Radius =  0.650 angstrom
                   Q00  =   0.343360
|Q1| =   0.611098  Q10  =  -0.227767  Q11c =   0.129592  Q11s =   0.552058
|Q2| =   0.809109  Q20  =  -0.480620  Q21c =   0.031209  Q21s =  -0.515676
                   Q22c =  -0.240939  Q22s =   0.314188

C          x =  4.034062  y = -2.936425  z = -2.323741 angstrom
           Maximum rank =  2   Radius =  0.650 angstrom
                   Q00  =   0.344652
|Q1| =   0.600022  Q10  =   0.005926  Q11c =  -0.249000  Q11s =   0.545885
|Q2| =   0.816843  Q20  =  -0.682586  Q21c =  -0.031988  Q21s =   0.027728
                   Q22c =  -0.372070  Q22s =  -0.247143

C          x = -1.425676  y = -1.552334  z =  5.137177 angstrom
           Maximum rank =  2   Radius =  0.650 angstrom
                   Q00  =  -0.024256
|Q1| =   0.115382  Q10  =  -0.088210  Q11c =   0.033059  Q11s =   0.066627
|Q2| =   1.114866  Q20  =  -0.114450  Q21c =  -0.046725  Q21s =  -0.951987
                   Q22c =   0.565132  Q22s =   0.044606

C          x =  2.879607  y = -3.324311  z =  1.974334 angstrom
           Maximum rank =  2   Radius =  0.650 angstrom
                   Q00  =   0.335114
|Q1| =   0.597213  Q10  =  -0.254597  Q11c =  -0.370976  Q11s =   0.392710
|Q2| =   0.867366  Q20  =  -0.392938  Q21c =   0.367922  Q21s =  -0.511893
                   Q22c =   0.012083  Q22s =  -0.447634

C          x =  4.993722  y = -1.921754  z = -2.323482 angstrom
           Maximum rank =  2   Radius =  0.650 angstrom
                   Q00  =   0.332493
|Q1| =   0.587103  Q10  =   0.005588  Q11c =  -0.571160  Q11s =   0.135776
|Q2| =   0.888921  Q20  =  -0.656214  Q21c =  -0.033064  Q21s =   0.000468
                   Q22c =   0.533730  Q22s =  -0.271297

C          x = -0.168201  y = -1.936979  z =  5.604990 angstrom
           Maximum rank =  2   Radius =  0.650 angstrom
                   Q00  =  -0.034085
|Q1| =   0.077139  Q10  =  -0.063799  Q11c =  -0.003312  Q11s =   0.043235
|Q2| =   1.118798  Q20  =  -0.060993  Q21c =   0.035339  Q21s =  -1.017886
                   Q22c =   0.458940  Q22s =   0.004843

C          x =  3.368300  y = -2.092149  z =  1.527388 angstrom
           Maximum rank =  2   Radius =  0.650 angstrom
                   Q00  =   0.341373
|Q1| =   0.598408  Q10  =  -0.102207  Q11c =  -0.579149  Q11s =  -0.110596
|Q2| =   0.827565  Q20  =  -0.456360  Q21c =   0.129196  Q21s =  -0.228058
                   Q22c =   0.570654  Q22s =   0.286795

C          x =  4.606389  y = -0.577514  z = -2.327759 angstrom
           Maximum rank =  2   Radius =  0.650 angstrom
                   Q00  =   0.330981
|Q1| =   0.590993  Q10  =   0.000995  Q11c =  -0.414003  Q11s =  -0.421751
|Q2| =   0.892843  Q20  =  -0.660739  Q21c =  -0.028714  Q21s =  -0.029277
                   Q22c =  -0.008775  Q22s =   0.599028

C          x =  0.992783  y = -1.390669  z =  5.047951 angstrom
           Maximum rank =  2   Radius =  0.650 angstrom
                   Q00  =  -0.022318
|Q1| =   0.102535  Q10  =  -0.094158  Q11c =  -0.037096  Q11s =   0.016482
|Q2| =   1.019884  Q20  =  -0.060952  Q21c =   0.061570  Q21s =  -0.818960
                   Q22c =   0.599954  Q22s =  -0.044930

C          x =  3.250270  y = -0.229946  z = -2.323310 angstrom
           Maximum rank =  2   Radius =  0.650 angstrom
                   Q00  =   0.316685
|Q1| =   0.628866  Q10  =  -0.020560  Q11c =   0.111566  Q11s =  -0.618549
|Q2| =   0.899203  Q20  =  -0.776531  Q21c =  -0.017274  Q21s =  -0.083061
                   Q22c =  -0.407208  Q22s =  -0.180414

C          x =  0.913927  y = -0.458048  z =  4.008216 angstrom
           Maximum rank =  2   Radius =  0.650 angstrom
                   Q00  =   0.015901
|Q1| =   0.197416  Q10  =  -0.135739  Q11c =  -0.063886  Q11s =  -0.128322
|Q2| =   0.784962  Q20  =  -0.073002  Q21c =  -0.051851  Q21s =  -0.586454
                   Q22c =   0.510497  Q22s =  -0.060094

C          x =  2.504897  y = -1.150125  z =  0.957452 angstrom
           Maximum rank =  2   Radius =  0.650 angstrom
                   Q00  =   0.342653
|Q1| =   0.614107  Q10  =   0.064063  Q11c =  -0.238075  Q11s =  -0.562445
|Q2| =   0.770905  Q20  =  -0.312982  Q21c =  -0.145124  Q21s =  -0.574419
                   Q22c =  -0.102466  Q22s =   0.367177

H          x =  2.961033  y =  0.819057  z = -2.333585 angstrom
           Maximum rank =  2   Radius =  0.350 angstrom
                   Q00  =   0.073955
|Q1| =   0.138307  Q10  =   0.013999  Q11c =   0.010975  Q11s =  -0.137158
|Q2| =   0.117630  Q20  =  -0.090342  Q21c =  -0.015688  Q21s =   0.004329
                   Q22c =  -0.058223  Q22s =  -0.044948

H          x =  1.824654  y = -0.048006  z =  3.582592 angstrom
           Maximum rank =  2   Radius =  0.350 angstrom
                   Q00  =   0.096617
|Q1| =   0.130060  Q10  =  -0.019355  Q11c =  -0.092145  Q11s =  -0.089723
|Q2| =   0.118823  Q20  =  -0.005226  Q21c =  -0.098150  Q21s =  -0.011094
                   Q22c =   0.065503  Q22s =   0.006682

H          x =  2.901433  y = -0.202440  z =  0.604381 angstrom
           Maximum rank =  2   Radius =  0.350 angstrom
                   Q00  =   0.103387
|Q1| =   0.133101  Q10  =  -0.009553  Q11c =  -0.049367  Q11s =  -0.123237
|Q2| =   0.094277  Q20  =   0.001683  Q21c =  -0.062383  Q21s =  -0.054960
                   Q22c =  -0.019259  Q22s =   0.040026

H          x =  4.427548  y = -1.866108  z =  1.615049 angstrom
           Maximum rank =  2   Radius =  0.350 angstrom
                   Q00  =   0.074814
|Q1| =   0.131262  Q10  =  -0.036962  Q11c =  -0.124140  Q11s =  -0.021282
|Q2| =   0.118600  Q20  =  -0.050491  Q21c =   0.004187  Q21s =  -0.025811
                   Q22c =   0.092708  Q22s =   0.047309

H          x =  5.363287  y =  0.202521  z = -2.339154 angstrom
           Maximum rank =  2   Radius =  0.350 angstrom
                   Q00  =   0.060376
|Q1| =   0.130943  Q10  =   0.006534  Q11c =  -0.093527  Q11s =  -0.091411
|Q2| =   0.147526  Q20  =  -0.104114  Q21c =  -0.004174  Q21s =   0.000050
                   Q22c =  -0.003699  Q22s =   0.104371

H          x =  1.966395  y = -1.694611  z =  5.422540 angstrom
           Maximum rank =  2   Radius =  0.350 angstrom
                   Q00  =   0.058707
|Q1| =   0.123299  Q10  =  -0.071683  Q11c =  -0.097711  Q11s =   0.022734
|Q2| =   0.139775  Q20  =  -0.028947  Q21c =   0.043366  Q21s =  -0.047904
                   Q22c =   0.105759  Q22s =  -0.057783

H          x =  3.561370  y = -4.047505  z =  2.414663 angstrom
           Maximum rank =  2   Radius =  0.350 angstrom
                   Q00  =   0.064483
|Q1| =   0.131941  Q10  =  -0.056823  Q11c =  -0.082998  Q11s =   0.085386
|Q2| =   0.133446  Q20  =  -0.051672  Q21c =   0.054583  Q21s =  -0.076355
                   Q22c =   0.000797  Q22s =  -0.079547

H          x =  6.049936  y = -2.178359  z = -2.327455 angstrom
           Maximum rank =  2   Radius =  0.350 angstrom
                   Q00  =   0.060939
|Q1| =   0.130460  Q10  =   0.005884  Q11c =  -0.127383  Q11s =   0.027543
|Q2| =   0.147827  Q20  =  -0.103436  Q21c =  -0.001575  Q21s =  -0.002033
                   Q22c =   0.093558  Q22s =  -0.048929

H          x = -0.090723  y = -2.660899  z =  6.412142 angstrom
           Maximum rank =  2   Radius =  0.350 angstrom
                   Q00  =   0.046623
|Q1| =   0.121877  Q10  =  -0.097147  Q11c =  -0.007839  Q11s =   0.073177
|Q2| =   0.160038  Q20  =   0.032906  Q21c =   0.010326  Q21s =  -0.154680
                   Q22c =  -0.018965  Q22s =  -0.011707

H          x =  1.144821  y = -4.588113  z =  2.211962 angstrom
           Maximum rank =  2   Radius =  0.350 angstrom
                   Q00  =   0.080422
|Q1| =   0.135647  Q10  =  -0.053290  Q11c =   0.021595  Q11s =   0.122858
|Q2| =   0.106568  Q20  =  -0.055318  Q21c =  -0.005354  Q21s =  -0.061718
                   Q22c =  -0.038288  Q22s =   0.054706

H          x =  4.339766  y = -3.979618  z = -2.329082 angstrom
           Maximum rank =  2   Radius =  0.350 angstrom
                   Q00  =   0.076512
|Q1| =   0.135208  Q10  =   0.011010  Q11c =  -0.062119  Q11s =   0.119587
|Q2| =   0.120936  Q20  =  -0.095116  Q21c =  -0.002830  Q21s =  -0.001322
                   Q22c =  -0.065995  Q22s =  -0.034834

H          x = -2.327573  y = -1.966068  z =  5.581416 angstrom
           Maximum rank =  2   Radius =  0.350 angstrom
                   Q00  =   0.056357
|Q1| =   0.125715  Q10  =  -0.072404  Q11c =   0.090339  Q11s =   0.048997
|Q2| =   0.142296  Q20  =  -0.033662  Q21c =  -0.052875  Q21s =  -0.079135
                   Q22c =   0.083783  Q22s =   0.055111

C          x =  0.185177  y = -0.176151  z = -1.237966 angstrom
           Maximum rank =  2   Radius =  0.650 angstrom
                   Q00  =   0.053057
|Q1| =   0.179213  Q10  =   0.044857  Q11c =   0.042798  Q11s =  -0.168147
|Q2| =   0.262669  Q20  =   0.125469  Q21c =  -0.189857  Q21s =  -0.042901
                   Q22c =  -0.085632  Q22s =  -0.089630

C          x = -0.230287  y =  2.356079  z =  2.957113 angstrom
           Maximum rank =  2   Radius =  0.650 angstrom
                   Q00  =   0.006345
|Q1| =   0.069866  Q10  =   0.008346  Q11c =  -0.033363  Q11s =  -0.060816
|Q2| =   0.163775  Q20  =  -0.086234  Q21c =   0.038155  Q21s =   0.037950
                   Q22c =  -0.097736  Q22s =   0.083292

C          x = -0.085809  y =  0.782510  z =  1.026193 angstrom
           Maximum rank =  2   Radius =  0.650 angstrom
                   Q00  =   0.029832
|Q1| =   0.142643  Q10  =   0.029267  Q11c =  -0.009817  Q11s =  -0.139263
|Q2| =   0.258843  Q20  =  -0.004919  Q21c =  -0.113010  Q21s =   0.111183
                   Q22c =  -0.178245  Q22s =  -0.100356

C          x =  0.363890  y = -0.472295  z = -3.709834 angstrom
           Maximum rank =  2   Radius =  0.650 angstrom
                   Q00  =   0.061477
|Q1| =   0.202037  Q10  =   0.074925  Q11c =   0.102891  Q11s =  -0.156903
|Q2| =   0.316009  Q20  =  -0.035773  Q21c =   0.117478  Q21s =  -0.177745
                   Q22c =  -0.094625  Q22s =  -0.210319

H          x =  0.705916  y =  0.567965  z = -3.769402 angstrom
           Maximum rank =  2   Radius =  0.350 angstrom
                   Q00  =   0.042270
|Q1| =   0.143024  Q10  =   0.057418  Q11c =  -0.004377  Q11s =  -0.130919
|Q2| =   0.127098  Q20  =  -0.061616  Q21c =   0.007372  Q21s =  -0.016147
                   Q22c =  -0.086305  Q22s =   0.067778

H          x = -0.724850  y = -0.480718  z = -3.834982 angstrom
           Maximum rank =  2   Radius =  0.350 angstrom
                   Q00  =   0.046078
|Q1| =   0.140831  Q10  =   0.065686  Q11c =   0.116464  Q11s =  -0.044211
|Q2| =   0.131619  Q20  =  -0.062070  Q21c =   0.017562  Q21s =  -0.016831
                   Q22c =   0.112769  Q22s =   0.012745

H          x =  0.809164  y = -1.026106  z = -4.541975 angstrom
           Maximum rank =  2   Radius =  0.350 angstrom
                   Q00  =   0.109623
|Q1| =   0.161042  Q10  =   0.150476  Q11c =   0.026026  Q11s =  -0.051129
|Q2| =   0.151929  Q20  =  -0.006344  Q21c =  -0.057129  Q21s =   0.070190
                   Q22c =  -0.035758  Q22s =  -0.116504

Ac         x =  0.199539  y = -3.969287  z = -2.425380 angstrom
           Maximum rank =  2   Radius =  0.650 angstrom
                   Q00  =  -0.963180
|Q1| =   0.040410  Q10  =   0.006022  Q11c =   0.021042  Q11s =   0.033970
|Q2| =   0.466268  Q20  =   0.462247  Q21c =  -0.038292  Q21s =  -0.027269
                   Q22c =  -0.009842  Q22s =   0.037774

A1         x =  0.154479  y = -4.012192  z = -1.427317 angstrom
           Maximum rank =  2   Radius =  0.650 angstrom
                   Q00  =  -0.623921
|Q1| =   0.137816  Q10  =  -0.005781  Q11c =   0.034099  Q11s =   0.133406
|Q2| =   0.564985  Q20  =   0.539669  Q21c =  -0.047693  Q21s =   0.150580
                   Q22c =  -0.013264  Q22s =   0.053293

A-1        x =  0.244599  y = -3.926382  z = -3.423442 angstrom
           Maximum rank =  2   Radius =  0.650 angstrom
                   Q00  =  -0.613058
|Q1| =   0.107549  Q10  =  -0.003774  Q11c =   0.066887  Q11s =   0.084135
|Q2| =   0.652082  Q20  =   0.622268  Q21c =  -0.099184  Q21s =  -0.073773
                   Q22c =  -0.022171  Q22s =   0.149070

Bc         x =  1.511319  y = -2.187340  z = -2.334683 angstrom
           Maximum rank =  2   Radius =  0.650 angstrom
                   Q00  =  -1.106175
|Q1| =   0.021616  Q10  =   0.001413  Q11c =   0.010850  Q11s =  -0.018642
|Q2| =   0.392814  Q20  =   0.386744  Q21c =  -0.012945  Q21s =  -0.005819
                   Q22c =   0.025631  Q22s =   0.062241

B1         x =  1.493121  y = -2.195057  z = -1.334879 angstrom
           Maximum rank =  2   Radius =  0.650 angstrom
                   Q00  =  -0.638217
|Q1| =   0.075667  Q10  =   0.017131  Q11c =  -0.038203  Q11s =  -0.063029
|Q2| =   0.498254  Q20  =   0.439949  Q21c =  -0.090865  Q21s =  -0.132981
                   Q22c =   0.165005  Q22s =   0.039167

B-1        x =  1.529517  y = -2.179623  z = -3.334488 angstrom
           Maximum rank =  2   Radius =  0.650 angstrom
                   Q00  =  -0.688316
|Q1| =   0.164700  Q10  =   0.089408  Q11c =   0.074082  Q11s =  -0.116808
|Q2| =   0.482004  Q20  =   0.328342  Q21c =  -0.162311  Q21s =   0.233729
                   Q22c =   0.081484  Q22s =   0.192110

Cc         x =  3.642841  y = -1.581779  z = -2.320420 angstrom
           Maximum rank =  2   Radius =  0.650 angstrom
                   Q00  =  -0.965707
|Q1| =   0.038942  Q10  =   0.001863  Q11c =  -0.037401  Q11s =  -0.010687
|Q2| =   0.467502  Q20  =   0.465827  Q21c =   0.002583  Q21s =  -0.000200
                   Q22c =   0.033140  Q22s =   0.021416

C1         x =  3.648551  y = -1.581343  z = -1.320437 angstrom
           Maximum rank =  2   Radius =  0.650 angstrom
                   Q00  =  -0.694136
|Q1| =   0.186315  Q10  =  -0.131853  Q11c =  -0.108296  Q11s =  -0.074834
|Q2| =   0.538521  Q20  =   0.460833  Q21c =  -0.138981  Q21s =  -0.154653
                   Q22c =   0.134536  Q22s =   0.127689

C-1        x =  3.637130  y = -1.582214  z = -3.320404 angstrom
           Maximum rank =  2   Radius =  0.650 angstrom
                   Q00  =  -0.614842
|Q1| =   0.106187  Q10  =  -0.009276  Q11c =  -0.099433  Q11s =  -0.036092
|Q2| =   0.655380  Q20  =   0.635356  Q21c =   0.054230  Q21s =   0.040658
                   Q22c =   0.112539  Q22s =   0.092660

Dc         x = -2.115375  y = -2.535187  z =  0.715159 angstrom
           Maximum rank =  2   Radius =  0.650 angstrom
                   Q00  =  -0.964403
|Q1| =   0.039714  Q10  =   0.001066  Q11c =   0.037244  Q11s =   0.013745
|Q2| =   0.467133  Q20  =   0.331057  Q21c =  -0.131569  Q21s =   0.299450
                   Q22c =  -0.020458  Q22s =  -0.034856

D1         x = -2.289479  y = -2.145776  z =  1.619618 angstrom
           Maximum rank =  2   Radius =  0.650 angstrom
                   Q00  =  -0.671610
|Q1| =   0.149288  Q10  =  -0.084259  Q11c =   0.122036  Q11s =  -0.017163
|Q2| =   0.497647  Q20  =   0.340145  Q21c =  -0.060018  Q21s =   0.352477
                   Q22c =   0.028372  Q22s =   0.057502

D-1        x = -1.941271  y = -2.924599  z = -0.189300 angstrom
           Maximum rank =  2   Radius =  0.650 angstrom
                   Q00  =  -0.708327
|Q1| =   0.207874  Q10  =   0.165388  Q11c =   0.110903  Q11s =   0.059655
|Q2| =   0.535939  Q20  =   0.192659  Q21c =  -0.305152  Q21s =   0.369183
                   Q22c =   0.122630  Q22s =  -0.075242

Ec         x = -0.026401  y = -1.800803  z =  0.781793 angstrom
           Maximum rank =  2   Radius =  0.650 angstrom
                   Q00  =  -1.105249
|Q1| =   0.021362  Q10  =   0.006858  Q11c =   0.001112  Q11s =  -0.020200
|Q2| =   0.392749  Q20  =   0.275915  Q21c =  -0.085783  Q21s =   0.262304
                   Q22c =   0.018518  Q22s =  -0.040224

E1         x = -0.181588  y = -1.408866  z =  1.688602 angstrom
           Maximum rank =  2   Radius =  0.650 angstrom
                   Q00  =  -0.734501
|Q1| =   0.175382  Q10  =  -0.139665  Q11c =   0.012265  Q11s =  -0.105367
|Q2| =   0.294896  Q20  =   0.159952  Q21c =  -0.061912  Q21s =   0.200712
                   Q22c =   0.119850  Q22s =  -0.053825

E-1        x =  0.128786  y = -2.192740  z = -0.125016 angstrom
           Maximum rank =  2   Radius =  0.650 angstrom
                   Q00  =  -0.656922
|Q1| =   0.083865  Q10  =   0.036488  Q11c =   0.065594  Q11s =  -0.037410
|Q2| =   0.484883  Q20  =   0.195306  Q21c =  -0.260432  Q21s =   0.353550
                   Q22c =   0.063428  Q22s =  -0.011016

Fc         x =  2.015457  y = -2.390962  z =  1.405906 angstrom
           Maximum rank =  2   Radius =  0.650 angstrom
                   Q00  =  -0.962827
|Q1| =   0.040545  Q10  =  -0.015052  Q11c =  -0.035533  Q11s =   0.012440
|Q2| =   0.466450  Q20  =   0.338798  Q21c =  -0.109144  Q21s =   0.291607
                   Q22c =  -0.022189  Q22s =  -0.073155

F1         x =  1.846770  y = -1.995900  z =  2.308940 angstrom
           Maximum rank =  2   Radius =  0.650 angstrom
                   Q00  =  -0.727842
|Q1| =   0.237872  Q10  =  -0.209863  Q11c =  -0.077910  Q11s =  -0.080442
|Q2| =   0.431707  Q20  =   0.226267  Q21c =  -0.149960  Q21s =   0.234156
                   Q22c =   0.145024  Q22s =  -0.191899

F-1        x =  2.184145  y = -2.786023  z =  0.502871 angstrom
           Maximum rank =  2   Radius =  0.650 angstrom
                   Q00  =  -0.621650
|Q1| =   0.144036  Q10  =  -0.055127  Q11c =  -0.103026  Q11s =   0.084222
|Q2| =   0.593709  Q20  =   0.532818  Q21c =  -0.047472  Q21s =   0.252530
                   Q22c =   0.040140  Q22s =  -0.030973

Total multipoles referred to origin at
           x =   0.000000,  y =    0.000000,  z =    0.000000 angstrom
                   Q00  =   0.000344
|Q1| =   0.191313  Q10  =  -0.075222  Q11c =   0.005687  Q11s =   0.175813
|Q2| =  20.749341  Q20  = -15.639583  Q21c =   4.373200  Q21s = -12.241077
                   Q22c =   3.689865  Q22s =   1.831571

CPU time used:     39m51.594s          Total:     39m51.594s

Finished at 19:20:01 on 10 Nov 2025 
